This is pdfTeX, Version 3.141592653-2.6-1.40.26 (TeX Live 2024) (preloaded format=pdflatex 2024.4.23)  4 MAY 2024 15:47
entering extended mode
 restricted \write18 enabled.
 %&-line parsing enabled.
**Apendice.tex
(./Apendice.tex
LaTeX2e <2023-11-01> patch level 1
L3 programming layer <2024-03-14>
(/home/cesaragalvao/.TinyTeX/texmf-dist/tex/latex/base/article.cls
Document Class: article 2023/05/17 v1.4n Standard LaTeX document class
(/home/cesaragalvao/.TinyTeX/texmf-dist/tex/latex/base/size10.clo
File: size10.clo 2023/05/17 v1.4n Standard LaTeX file (size option)
)
\c@part=\count188
\c@section=\count189
\c@subsection=\count190
\c@subsubsection=\count191
\c@paragraph=\count192
\c@subparagraph=\count193
\c@figure=\count194
\c@table=\count195
\abovecaptionskip=\skip48
\belowcaptionskip=\skip49
\bibindent=\dimen140
) (/home/cesaragalvao/.TinyTeX/texmf-dist/tex/latex/tools/longtable.sty
Package: longtable 2023-11-01 v4.19 Multi-page Table package (DPC)
\LTleft=\skip50
\LTright=\skip51
\LTpre=\skip52
\LTpost=\skip53
\LTchunksize=\count196
\LTcapwidth=\dimen141
\LT@head=\box51
\LT@firsthead=\box52
\LT@foot=\box53
\LT@lastfoot=\box54
\LT@gbox=\box55
\LT@cols=\count197
\LT@rows=\count198
\c@LT@tables=\count199
\c@LT@chunks=\count266
\LT@p@ftn=\toks17
) (/home/cesaragalvao/.TinyTeX/texmf-dist/tex/latex/booktabs/booktabs.sty
Package: booktabs 2020/01/12 v1.61803398 Publication quality tables
\heavyrulewidth=\dimen142
\lightrulewidth=\dimen143
\cmidrulewidth=\dimen144
\belowrulesep=\dimen145
\belowbottomsep=\dimen146
\aboverulesep=\dimen147
\abovetopsep=\dimen148
\cmidrulesep=\dimen149
\cmidrulekern=\dimen150
\defaultaddspace=\dimen151
\@cmidla=\count267
\@cmidlb=\count268
\@aboverulesep=\dimen152
\@belowrulesep=\dimen153
\@thisruleclass=\count269
\@lastruleclass=\count270
\@thisrulewidth=\dimen154
) (/home/cesaragalvao/.TinyTeX/texmf-dist/tex/latex/cite/cite.sty
LaTeX Info: Redefining \cite on input line 302.
LaTeX Info: Redefining \nocite on input line 332.
Package: cite 2015/02/27  v 5.5
) (/home/cesaragalvao/.TinyTeX/texmf-dist/tex/latex/l3backend/l3backend-pdftex.def
File: l3backend-pdftex.def 2024-03-14 L3 backend support: PDF output (pdfTeX)
\l__color_backend_stack_int=\count271
\l__pdf_internal_box=\box56
) (./Apendice.aux)
\openout1 = `Apendice.aux'.

LaTeX Font Info:    Checking defaults for OML/cmm/m/it on input line 6.
LaTeX Font Info:    ... okay on input line 6.
LaTeX Font Info:    Checking defaults for OMS/cmsy/m/n on input line 6.
LaTeX Font Info:    ... okay on input line 6.
LaTeX Font Info:    Checking defaults for OT1/cmr/m/n on input line 6.
LaTeX Font Info:    ... okay on input line 6.
LaTeX Font Info:    Checking defaults for T1/cmr/m/n on input line 6.
LaTeX Font Info:    ... okay on input line 6.
LaTeX Font Info:    Checking defaults for TS1/cmr/m/n on input line 6.
LaTeX Font Info:    ... okay on input line 6.
LaTeX Font Info:    Checking defaults for OMX/cmex/m/n on input line 6.
LaTeX Font Info:    ... okay on input line 6.
LaTeX Font Info:    Checking defaults for U/cmr/m/n on input line 6.
LaTeX Font Info:    ... okay on input line 6.

! Undefined control sequence.
l.8 	\chapter
             {Apêndice}
The control sequence at the end of the top line
of your error message was never \def'ed. If you have
misspelled it (e.g., `\hobx'), type `I' and the correct
spelling (e.g., `I\hbox'). Otherwise just continue,
and I'll forget about whatever was undefined.


Overfull \hbox (134.24408pt too wide) in alignment at lines 10--15
 [] [] [] 
 []


Overfull \hbox (134.24408pt too wide) in alignment at lines 15--17
 [] [] [] 
 []


Overfull \hbox (134.24408pt too wide) in alignment at lines 17--20
 [] [] [] 
 []


Overfull \hbox (134.24408pt too wide) in alignment at lines 20--22
 [] [] [] 
 []


Underfull \hbox (badness 2837) in paragraph at lines 27--28
[]|\OT1/cmr/m/n/10 Dia de plan-tio de se-mentes se-cas. For-mato
 []

LaTeX Font Info:    External font `cmex10' loaded for size
(Font)              <7> on input line 33.
LaTeX Font Info:    External font `cmex10' loaded for size
(Font)              <5> on input line 33.

LaTeX Warning: Citation `breseghello2021' on page 1 undefined on input line 37.


Overfull \hbox (134.24408pt too wide) in alignment at lines 22--38
 [] [] [] 
 []


Underfull \hbox (badness 10000) in paragraph at lines 48--48
[]|\OT1/cmr/bx/n/10 Nome da
 []


Overfull \hbox (146.24406pt too wide) in alignment at lines 44--49
 [] [] [] [] 
 []


Overfull \hbox (146.24406pt too wide) in alignment at lines 49--51
 [] [] [] [] 
 []


Overfull \hbox (146.24406pt too wide) in alignment at lines 51--54
 [] [] [] [] 
 []


Overfull \hbox (146.24406pt too wide) in alignment at lines 54--56
 [] [] [] [] 
 []


Underfull \hbox (badness 2707) in paragraph at lines 58--58
[]|\OT1/cmr/m/n/10 C^^Sodigo do en-
 []


Underfull \hbox (badness 10000) in paragraph at lines 58--58
[]|\OT1/cmr/m/n/10 Link para
 []


Underfull \hbox (badness 10000) in paragraph at lines 59--59
[]|\OT1/cmr/m/n/10 N^^Sumero da
 []


Underfull \hbox (badness 10000) in paragraph at lines 60--60
[]|\OT1/cmr/m/n/10 N^^Sumero do
 []


Underfull \hbox (badness 10000) in paragraph at lines 61--61
[]|\OT1/cmr/m/n/10 Nome do
 []


Underfull \hbox (badness 10000) in paragraph at lines 61--61
[]|\OT1/cmr/m/n/10 Fator Ex-per-i-
 []


Underfull \hbox (badness 2961) in paragraph at lines 62--62
[]|\OT1/cmr/m/n/10 Rendimento de
 []

LaTeX Font Info:    Trying to load font information for OMS+cmr on input line 62.
(/home/cesaragalvao/.TinyTeX/texmf-dist/tex/latex/base/omscmr.fd
File: omscmr.fd 2023/04/13 v2.5m Standard LaTeX font definitions
)
LaTeX Font Info:    Font shape `OMS/cmr/m/n' in size <10> not available
(Font)              Font shape `OMS/cmsy/m/n' tried instead on input line 62.

Underfull \hbox (badness 10000) in paragraph at lines 63--63
[]|\OT1/cmr/m/n/10 Altura da
 []


Underfull \hbox (badness 10000) in paragraph at lines 64--64
[]|\OT1/cmr/m/n/10 Dias at^^Se a
 []

LaTeX Font Info:    External font `cmex10' loaded for size
(Font)              <8> on input line 65.
LaTeX Font Info:    External font `cmex10' loaded for size
(Font)              <6> on input line 65.

Underfull \hbox (badness 10000) in paragraph at lines 67--67
[]|\OT1/cmr/m/n/10 Blast na
 []


Underfull \hbox (badness 1082) in paragraph at lines 69--69
[]|\OT1/cmr/m/n/10 Escaldadura da
 []


Underfull \hbox (badness 2735) in paragraph at lines 69--70
[]|\OT1/cmr/m/n/10 Severidade da doen^^Xca cau-sada por \OT1/cmr/m/it/10 Mono-graphella
 []

)
Runaway argument?
{\rule {0pt}{1em}\footnotesize {\textit {Fonte: \cite {breseghello202\ETC.
! File ended while scanning use of \multicolumn.
<inserted text> 
                \par 
<*> Apendice.tex
                
I suspect you have forgotten a `}', causing me
to read past where you wanted me to stop.
I'll try to recover; but if the error is serious,
you'd better type `E' or `X' now and fix your file.

! Emergency stop.
<*> Apendice.tex
                
*** (job aborted, no legal \end found)

 
Here is how much of TeX's memory you used:
 752 strings out of 476003
 13008 string characters out of 5790129
 1940493 words of memory out of 5000000
 22947 multiletter control sequences out of 15000+600000
 561257 words of font info for 46 fonts, out of 8000000 for 9000
 36 hyphenation exceptions out of 8191
 38i,11n,50p,286b,266s stack positions out of 10000i,1000n,20000p,200000b,200000s
!  ==> Fatal error occurred, no output PDF file produced!
