This is LuaHBTeX, Version 1.18.0 (TeX Live 2024)  (format=lualatex 2024.4.23)  13 MAY 2024 16:27
 restricted system commands enabled.
**tcc2.tex
(./tcc2.tex
LaTeX2e <2023-11-01> patch level 1
L3 programming layer <2024-03-14>
Lua module: luaotfload 2024-02-14 3.28 Lua based OpenType font support
Lua module: lualibs 2023-07-13 2.76 ConTeXt Lua standard libraries.
Lua module: lualibs-extended 2023-07-13 2.76 ConTeXt Lua libraries -- extended collection.
luaotfload | conf : Root cache directory is "/home/cesaragalvao/.TinyTeX/texmf-var/luatex-cache/generic/names".
luaotfload | init : Loading fontloader "fontloader-2023-12-28.lua" from kpse-resolved path "/home/cesaragalvao/.TinyTeX/texmf-dist/tex/luatex/luaotfload/fontloader-2023-12-28.lua".
Lua-only attribute luaotfload@noligature = 1
luaotfload | init : Context OpenType loader version 3.134
Inserting `luaotfload.node_processor' in `pre_linebreak_filter'.
Inserting `luaotfload.node_processor' in `hpack_filter'.
Inserting `luaotfload.glyph_stream' in `glyph_stream_provider'.
Inserting `luaotfload.define_font' in `define_font'.
Lua-only attribute luaotfload_color_attribute = 2
luaotfload | conf : Root cache directory is "/home/cesaragalvao/.TinyTeX/texmf-var/luatex-cache/generic/names".
Inserting `luaotfload.harf.strip_prefix' in `find_opentype_file'.
Inserting `luaotfload.harf.strip_prefix' in `find_truetype_file'.
Removing  `luaotfload.glyph_stream' from `glyph_stream_provider'.
Inserting `luaotfload.harf.glyphstream' in `glyph_stream_provider'.
Inserting `luaotfload.harf.finalize_vlist' in `post_linebreak_filter'.
Inserting `luaotfload.harf.finalize_hlist' in `hpack_filter'.
Inserting `luaotfload.cleanup_files' in `wrapup_run'.
Inserting `luaotfload.harf.finalize_unicode' in `finish_pdffile'.
Inserting `luaotfload.glyphinfo' in `glyph_info'.
Lua-only attribute luaotfload.letterspace_done = 3
Inserting `luaotfload.aux.set_sscale_dimens' in `luaotfload.patch_font'.
Inserting `luaotfload.aux.set_font_index' in `luaotfload.patch_font'.
Inserting `luaotfload.aux.patch_cambria_domh' in `luaotfload.patch_font'.
Inserting `luaotfload.aux.fixup_fontdata' in `luaotfload.patch_font_unsafe'.
Inserting `luaotfload.aux.set_capheight' in `luaotfload.patch_font'.
Inserting `luaotfload.aux.set_xheight' in `luaotfload.patch_font'.
Inserting `luaotfload.rewrite_fontname' in `luaotfload.patch_font'.
Inserting `tracingstacklevels' in `input_level_string'. (/home/cesaragalvao/.TinyTeX/texmf-dist/tex/latex/base/report.cls
Document Class: report 2023/05/17 v1.4n Standard LaTeX document class
(/home/cesaragalvao/.TinyTeX/texmf-dist/tex/latex/base/size12.clo
File: size12.clo 2023/05/17 v1.4n Standard LaTeX file (size option)
luaotfload | db : Font names database loaded from /home/cesaragalvao/.TinyTeX/texmf-var/luatex-cache/generic/names/luaotfload-names.luc.gz)
\c@part=\count186
\c@chapter=\count187
\c@section=\count188
\c@subsection=\count189
\c@subsubsection=\count190
\c@paragraph=\count191
\c@subparagraph=\count192
\c@figure=\count193
\c@table=\count194
\abovecaptionskip=\skip48
\belowcaptionskip=\skip49
\bibindent=\dimen139
) (/home/cesaragalvao/.TinyTeX/texmf-dist/tex/latex/geometry/geometry.sty
Package: geometry 2020/01/02 v5.9 Page Geometry
 (/home/cesaragalvao/.TinyTeX/texmf-dist/tex/latex/graphics/keyval.sty
Package: keyval 2022/05/29 v1.15 key=value parser (DPC)
\KV@toks@=\toks17
) (/home/cesaragalvao/.TinyTeX/texmf-dist/tex/generic/iftex/ifvtex.sty
Package: ifvtex 2019/10/25 v1.7 ifvtex legacy package. Use iftex instead.
 (/home/cesaragalvao/.TinyTeX/texmf-dist/tex/generic/iftex/iftex.sty
Package: iftex 2022/02/03 v1.0f TeX engine tests
))
\Gm@cnth=\count195
\Gm@cntv=\count196
\c@Gm@tempcnt=\count197
\Gm@bindingoffset=\dimen140
\Gm@wd@mp=\dimen141
\Gm@odd@mp=\dimen142
\Gm@even@mp=\dimen143
\Gm@layoutwidth=\dimen144
\Gm@layoutheight=\dimen145
\Gm@layouthoffset=\dimen146
\Gm@layoutvoffset=\dimen147
\Gm@dimlist=\toks18
) (/home/cesaragalvao/.TinyTeX/texmf-dist/tex/generic/babel/babel.sty
Package: babel 2024/04/20 v24.4 The Babel package
 (/home/cesaragalvao/.TinyTeX/texmf-dist/tex/generic/babel/luababel.def
\bbl@readstream=\read2
\l@dumylang=\language2
Package babel Info: Non-standard hyphenation setup on input line 118.
\l@nohyphenation=\language3
\l@vietnamese=\language4
\l@hebrew=\language5
\l@ukenglish=\language6
\l@usenglishmax=\language7
\l@french=\language8
\babelcatcodetablenum=\catcodetable14
\bbl@pattcodes=\catcodetable15
)
\babel@savecnt=\count198
\U@D=\dimen148
\l@unhyphenated=\language9
 (/home/cesaragalvao/.TinyTeX/texmf-dist/tex/generic/babel/luababel.def
\bbl@attr@locale=\attribute4
) (/home/cesaragalvao/.TinyTeX/texmf-dist/tex/generic/babel-portuges/brazilian.ldf
Language: portuges 2021/07/09 v1.2t Portuguese support from the babel system


Package babel Warning: No hyphenation patterns were preloaded for
(babel)                the language 'Portuguese' into the format.
(babel)                Please, configure your TeX system to add them and
(babel)                rebuild the format. Now I will use the patterns
(babel)                preloaded for \language=0 instead on input line 53.

Package babel Info: Hyphen rules for 'portuges' set to \l@english
(babel)             (\language0). Reported on input line 54.
Package babel Info: Hyphen rules for 'brazilian' set to \l@english
(babel)             (\language0). Reported on input line 111.
Package babel Info: Making " an active character on input line 143.
)) (/home/cesaragalvao/.TinyTeX/texmf-dist/tex/generic/babel/locale/pt/babel-brazilian.tex
Package babel Info: Importing font and identification data for brazilian
(babel)             from babel-pt-BR.ini. Reported on input line 11.
) (/home/cesaragalvao/.TinyTeX/texmf-dist/tex/latex/base/fontenc.sty
Package: fontenc 2021/04/29 v2.0v Standard LaTeX package
LaTeX Font Info:    Trying to load font information for T1+lmr on input line 112.
 (/home/cesaragalvao/.TinyTeX/texmf-dist/tex/latex/lm/t1lmr.fd
File: t1lmr.fd 2015/05/01 v1.6.1 Font defs for Latin Modern
)) (/home/cesaragalvao/.TinyTeX/texmf-dist/tex/latex/base/inputenc.sty
Package: inputenc 2021/02/14 v1.3d Input encoding file
\inpenc@prehook=\toks19
\inpenc@posthook=\toks20


Package inputenc Warning: inputenc package ignored with utf8 based engines.

) (/home/cesaragalvao/.TinyTeX/texmf-dist/tex/latex/amsmath/amsmath.sty
Package: amsmath 2023/05/13 v2.17o AMS math features
\@mathmargin=\skip50

For additional information on amsmath, use the `?' option.
(/home/cesaragalvao/.TinyTeX/texmf-dist/tex/latex/amsmath/amstext.sty
Package: amstext 2021/08/26 v2.01 AMS text
 (/home/cesaragalvao/.TinyTeX/texmf-dist/tex/latex/amsmath/amsgen.sty
File: amsgen.sty 1999/11/30 v2.0 generic functions
\@emptytoks=\toks21
\ex@=\dimen149
)) (/home/cesaragalvao/.TinyTeX/texmf-dist/tex/latex/amsmath/amsbsy.sty
Package: amsbsy 1999/11/29 v1.2d Bold Symbols
\pmbraise@=\dimen150
) (/home/cesaragalvao/.TinyTeX/texmf-dist/tex/latex/amsmath/amsopn.sty
Package: amsopn 2022/04/08 v2.04 operator names
)
\inf@bad=\count199
LaTeX Info: Redefining \frac on input line 236.
\uproot@=\count266
\leftroot@=\count267
LaTeX Info: Redefining \overline on input line 399.
LaTeX Info: Redefining \colon on input line 410.
\classnum@=\count268
\DOTSCASE@=\count269
LaTeX Info: Redefining \ldots on input line 496.
LaTeX Info: Redefining \dots on input line 499.
LaTeX Info: Redefining \cdots on input line 620.
\Mathstrutbox@=\box51
\strutbox@=\box52
LaTeX Info: Redefining \big on input line 722.
LaTeX Info: Redefining \Big on input line 723.
LaTeX Info: Redefining \bigg on input line 724.
LaTeX Info: Redefining \Bigg on input line 725.
\big@size=\dimen151
LaTeX Font Info:    Redeclaring font encoding OML on input line 743.
LaTeX Font Info:    Redeclaring font encoding OMS on input line 744.
\macc@depth=\count270
LaTeX Info: Redefining \bmod on input line 905.
LaTeX Info: Redefining \pmod on input line 910.
LaTeX Info: Redefining \smash on input line 940.
LaTeX Info: Redefining \relbar on input line 970.
LaTeX Info: Redefining \Relbar on input line 971.
\c@MaxMatrixCols=\count271
\dotsspace@=\muskip16
\c@parentequation=\count272
\dspbrk@lvl=\count273
\tag@help=\toks22
\row@=\count274
\column@=\count275
\maxfields@=\count276
\andhelp@=\toks23
\eqnshift@=\dimen152
\alignsep@=\dimen153
\tagshift@=\dimen154
\tagwidth@=\dimen155
\totwidth@=\dimen156
\lineht@=\dimen157
\@envbody=\toks24
\multlinegap=\skip51
\multlinetaggap=\skip52
\mathdisplay@stack=\toks25
LaTeX Info: Redefining \[ on input line 2953.
LaTeX Info: Redefining \] on input line 2954.
) (/home/cesaragalvao/.TinyTeX/texmf-dist/tex/latex/amsfonts/amsfonts.sty
Package: amsfonts 2013/01/14 v3.01 Basic AMSFonts support
\symAMSa=\mathgroup4
\symAMSb=\mathgroup5
LaTeX Font Info:    Redeclaring math symbol \hbar on input line 98.
LaTeX Font Info:    Overwriting math alphabet `\mathfrak' in version `bold'
(Font)                  U/euf/m/n --> U/euf/b/n on input line 106.
) (/home/cesaragalvao/.TinyTeX/texmf-dist/tex/latex/amsfonts/amssymb.sty
Package: amssymb 2013/01/14 v3.01 AMS font symbols
) (/home/cesaragalvao/.TinyTeX/texmf-dist/tex/latex/fancyhdr/fancyhdr.sty
Package: fancyhdr 2024/04/23 v4.2 Extensive control of page headers and footers
\f@nch@headwidth=\skip53
\f@nch@O@elh=\skip54
\f@nch@O@erh=\skip55
\f@nch@O@olh=\skip56
\f@nch@O@orh=\skip57
\f@nch@O@elf=\skip58
\f@nch@O@erf=\skip59
\f@nch@O@olf=\skip60
\f@nch@O@orf=\skip61
) (/home/cesaragalvao/.TinyTeX/texmf-dist/tex/latex/graphics/graphicx.sty
Package: graphicx 2021/09/16 v1.2d Enhanced LaTeX Graphics (DPC,SPQR)
 (/home/cesaragalvao/.TinyTeX/texmf-dist/tex/latex/graphics/graphics.sty
Package: graphics 2022/03/10 v1.4e Standard LaTeX Graphics (DPC,SPQR)
 (/home/cesaragalvao/.TinyTeX/texmf-dist/tex/latex/graphics/trig.sty
Package: trig 2021/08/11 v1.11 sin cos tan (DPC)
) (/home/cesaragalvao/.TinyTeX/texmf-dist/tex/latex/graphics-cfg/graphics.cfg
File: graphics.cfg 2016/06/04 v1.11 sample graphics configuration
)
Package graphics Info: Driver file: luatex.def on input line 107.
 (/home/cesaragalvao/.TinyTeX/texmf-dist/tex/latex/graphics-def/luatex.def
File: luatex.def 2024/04/13 v1.2e Graphics/color driver for luatex
))
\Gin@req@height=\dimen158
\Gin@req@width=\dimen159
) (/home/cesaragalvao/.TinyTeX/texmf-dist/tex/latex/colortbl/colortbl.sty
Package: colortbl 2024/02/20 v1.0g Color table columns (DPC)
 (/home/cesaragalvao/.TinyTeX/texmf-dist/tex/latex/tools/array.sty
Package: array 2023/10/16 v2.5g Tabular extension package (FMi)
\col@sep=\dimen160
\ar@mcellbox=\box53
\extrarowheight=\dimen161
\NC@list=\toks26
\extratabsurround=\skip62
\backup@length=\skip63
\ar@cellbox=\box54
) (/home/cesaragalvao/.TinyTeX/texmf-dist/tex/latex/graphics/color.sty
Package: color 2022/01/06 v1.3d Standard LaTeX Color (DPC)
 (/home/cesaragalvao/.TinyTeX/texmf-dist/tex/latex/graphics-cfg/color.cfg
File: color.cfg 2016/01/02 v1.6 sample color configuration
)
Package color Info: Driver file: luatex.def on input line 149.
 (/home/cesaragalvao/.TinyTeX/texmf-dist/tex/latex/graphics/mathcolor.ltx))
\everycr=\toks27
\minrowclearance=\skip64
\rownum=\count277
) (/home/cesaragalvao/.TinyTeX/texmf-dist/tex/latex/titlesec/titletoc.sty
Package: titletoc 2023/10/27 v2.16 TOC entries
\ttl@leftsep=\dimen162
) (/home/cesaragalvao/.TinyTeX/texmf-dist/tex/latex/titlesec/titlesec.sty
Package: titlesec 2023/10/27 v2.16 Sectioning titles
\ttl@box=\box55
\beforetitleunit=\skip65
\aftertitleunit=\skip66
\ttl@plus=\dimen163
\ttl@minus=\dimen164
\ttl@toksa=\toks28
\titlewidth=\dimen165
\titlewidthlast=\dimen166
\titlewidthfirst=\dimen167
) (/home/cesaragalvao/.TinyTeX/texmf-dist/tex/latex/setspace/setspace.sty
Package: setspace 2022/12/04 v6.7b set line spacing
) (/home/cesaragalvao/.TinyTeX/texmf-dist/tex/latex/tools/indentfirst.sty
Package: indentfirst 2023/07/02 v1.03 Indent first paragraph (DPC)
) (/home/cesaragalvao/.TinyTeX/texmf-dist/tex/latex/natbib/natbib.sty
Package: natbib 2010/09/13 8.31b (PWD, AO)
\bibhang=\skip67
\bibsep=\skip68
LaTeX Info: Redefining \cite on input line 694.
\c@NAT@ctr=\count278
) (/home/cesaragalvao/.TinyTeX/texmf-dist/tex/latex/hyperref/hyperref.sty
Package: hyperref 2024-01-20 v7.01h Hypertext links for LaTeX
 (/home/cesaragalvao/.TinyTeX/texmf-dist/tex/latex/kvsetkeys/kvsetkeys.sty
Package: kvsetkeys 2022-10-05 v1.19 Key value parser (HO)
) (/home/cesaragalvao/.TinyTeX/texmf-dist/tex/generic/kvdefinekeys/kvdefinekeys.sty
Package: kvdefinekeys 2019-12-19 v1.6 Define keys (HO)
) (/home/cesaragalvao/.TinyTeX/texmf-dist/tex/generic/pdfescape/pdfescape.sty
Package: pdfescape 2019/12/09 v1.15 Implements pdfTeX's escape features (HO)
 (/home/cesaragalvao/.TinyTeX/texmf-dist/tex/generic/ltxcmds/ltxcmds.sty
Package: ltxcmds 2023-12-04 v1.26 LaTeX kernel commands for general use (HO)
) (/home/cesaragalvao/.TinyTeX/texmf-dist/tex/generic/pdftexcmds/pdftexcmds.sty
Package: pdftexcmds 2020-06-27 v0.33 Utility functions of pdfTeX for LuaTeX (HO)
 (/home/cesaragalvao/.TinyTeX/texmf-dist/tex/generic/infwarerr/infwarerr.sty
Package: infwarerr 2019/12/03 v1.5 Providing info/warning/error messages (HO)
)
Package pdftexcmds Info: \pdf@primitive is available.
Package pdftexcmds Info: \pdf@ifprimitive is available.
Package pdftexcmds Info: \pdfdraftmode found.
\pdftexcmds@toks=\toks29
)) (/home/cesaragalvao/.TinyTeX/texmf-dist/tex/latex/hycolor/hycolor.sty
Package: hycolor 2020-01-27 v1.10 Color options for hyperref/bookmark (HO)
) (/home/cesaragalvao/.TinyTeX/texmf-dist/tex/latex/auxhook/auxhook.sty
Package: auxhook 2019-12-17 v1.6 Hooks for auxiliary files (HO)
) (/home/cesaragalvao/.TinyTeX/texmf-dist/tex/latex/hyperref/nameref.sty
Package: nameref 2023-11-26 v2.56 Cross-referencing by name of section
 (/home/cesaragalvao/.TinyTeX/texmf-dist/tex/latex/refcount/refcount.sty
Package: refcount 2019/12/15 v3.6 Data extraction from label references (HO)
) (/home/cesaragalvao/.TinyTeX/texmf-dist/tex/generic/gettitlestring/gettitlestring.sty
Package: gettitlestring 2019/12/15 v1.6 Cleanup title references (HO)
 (/home/cesaragalvao/.TinyTeX/texmf-dist/tex/latex/kvoptions/kvoptions.sty
Package: kvoptions 2022-06-15 v3.15 Key value format for package options (HO)
))
\c@section@level=\count279
) (/home/cesaragalvao/.TinyTeX/texmf-dist/tex/latex/etoolbox/etoolbox.sty
Package: etoolbox 2020/10/05 v2.5k e-TeX tools for LaTeX (JAW)
\etb@tempcnta=\count280
)
\@linkdim=\dimen168
\Hy@linkcounter=\count281
\Hy@pagecounter=\count282
 (/home/cesaragalvao/.TinyTeX/texmf-dist/tex/latex/hyperref/pd1enc.def
File: pd1enc.def 2024-01-20 v7.01h Hyperref: PDFDocEncoding definition (HO)
) (/home/cesaragalvao/.TinyTeX/texmf-dist/tex/generic/intcalc/intcalc.sty
Package: intcalc 2019/12/15 v1.3 Expandable calculations with integers (HO)
)
\Hy@SavedSpaceFactor=\count283
 (/home/cesaragalvao/.TinyTeX/texmf-dist/tex/latex/hyperref/puenc.def
File: puenc.def 2024-01-20 v7.01h Hyperref: PDF Unicode definition (HO)
)
Package hyperref Info: Option `colorlinks' set `true' on input line 4062.
Package hyperref Info: Hyper figures OFF on input line 4179.
Package hyperref Info: Link nesting OFF on input line 4184.
Package hyperref Info: Hyper index ON on input line 4187.
Package hyperref Info: Plain pages OFF on input line 4194.
Package hyperref Info: Backreferencing OFF on input line 4199.
Package hyperref Info: Implicit mode ON; LaTeX internals redefined.
Package hyperref Info: Bookmarks ON on input line 4446.
\c@Hy@tempcnt=\count284
 (/home/cesaragalvao/.TinyTeX/texmf-dist/tex/latex/url/url.sty
\Urlmuskip=\muskip17
Package: url 2013/09/16  ver 3.4  Verb mode for urls, etc.
)
LaTeX Info: Redefining \url on input line 4784.
\XeTeXLinkMargin=\dimen169
 (/home/cesaragalvao/.TinyTeX/texmf-dist/tex/generic/bitset/bitset.sty
Package: bitset 2019/12/09 v1.3 Handle bit-vector datatype (HO)
 (/home/cesaragalvao/.TinyTeX/texmf-dist/tex/generic/bigintcalc/bigintcalc.sty
Package: bigintcalc 2019/12/15 v1.5 Expandable calculations on big integers (HO)
))
\Fld@menulength=\count285
\Field@Width=\dimen170
\Fld@charsize=\dimen171
Package hyperref Info: Hyper figures OFF on input line 6063.
Package hyperref Info: Link nesting OFF on input line 6068.
Package hyperref Info: Hyper index ON on input line 6071.
Package hyperref Info: backreferencing OFF on input line 6078.
Package hyperref Info: Link coloring ON on input line 6081.
Package hyperref Info: Link coloring with OCG OFF on input line 6088.
Package hyperref Info: PDF/A mode OFF on input line 6093.
 (/home/cesaragalvao/.TinyTeX/texmf-dist/tex/latex/base/atbegshi-ltx.sty
Package: atbegshi-ltx 2021/01/10 v1.0c Emulation of the original atbegshi
package with kernel methods
)
\Hy@abspage=\count286
\c@Item=\count287
\c@Hfootnote=\count288
)
Package hyperref Info: Driver (autodetected): hluatex.
 (/home/cesaragalvao/.TinyTeX/texmf-dist/tex/latex/hyperref/hluatex.def
File: hluatex.def 2024-01-20 v7.01h Hyperref driver for luaTeX
 (/home/cesaragalvao/.TinyTeX/texmf-dist/tex/generic/stringenc/stringenc.sty
Package: stringenc 2019/11/29 v1.12 Convert strings between diff. encodings (HO)
) (/home/cesaragalvao/.TinyTeX/texmf-dist/tex/latex/base/atveryend-ltx.sty
Package: atveryend-ltx 2020/08/19 v1.0a Emulation of the original atveryend package
with kernel methods
)
\Fld@listcount=\count289
\c@bookmark@seq@number=\count290
 (/home/cesaragalvao/.TinyTeX/texmf-dist/tex/latex/rerunfilecheck/rerunfilecheck.sty
Package: rerunfilecheck 2022-07-10 v1.10 Rerun checks for auxiliary files (HO)
 (/home/cesaragalvao/.TinyTeX/texmf-dist/tex/generic/uniquecounter/uniquecounter.sty
Package: uniquecounter 2019/12/15 v1.4 Provide unlimited unique counter (HO)
)
Package uniquecounter Info: New unique counter `rerunfilecheck' on input line 285.
)
\Hy@SectionHShift=\skip69
) (/home/cesaragalvao/.TinyTeX/texmf-dist/tex/latex/multirow/multirow.sty
Package: multirow 2021/03/15 v2.8 Span multiple rows of a table
\multirow@colwidth=\skip70
\multirow@cntb=\count291
\multirow@dima=\skip71
\bigstrutjot=\dimen172
) (/home/cesaragalvao/.TinyTeX/texmf-dist/tex/latex/float/float.sty
Package: float 2001/11/08 v1.3d Float enhancements (AL)
\c@float@type=\count292
\float@exts=\toks30
\float@box=\box56
\@float@everytoks=\toks31
\@floatcapt=\box57
) (/home/cesaragalvao/.TinyTeX/texmf-dist/tex/latex/booktabs/booktabs.sty
Package: booktabs 2020/01/12 v1.61803398 Publication quality tables
\heavyrulewidth=\dimen173
\lightrulewidth=\dimen174
\cmidrulewidth=\dimen175
\belowrulesep=\dimen176
\belowbottomsep=\dimen177
\aboverulesep=\dimen178
\abovetopsep=\dimen179
\cmidrulesep=\dimen180
\cmidrulekern=\dimen181
\defaultaddspace=\dimen182
\@cmidla=\count293
\@cmidlb=\count294
\@aboverulesep=\dimen183
\@belowrulesep=\dimen184
\@thisruleclass=\count295
\@lastruleclass=\count296
\@thisrulewidth=\dimen185
) (/home/cesaragalvao/.TinyTeX/texmf-dist/tex/latex/enumitem/enumitem.sty
Package: enumitem 2019/06/20 v3.9 Customized lists
\labelindent=\skip72
\enit@outerparindent=\dimen186
\enit@toks=\toks32
\enit@inbox=\box58
\enit@count@id=\count297
\enitdp@description=\count298
) (/home/cesaragalvao/.TinyTeX/texmf-dist/tex/latex/quoting/quoting.sty
Package: quoting 2014/01/28 v0.1c Consolidated environment for displayed text
\quo@toppartop=\skip73
) (/home/cesaragalvao/.TinyTeX/texmf-dist/tex/latex/epigraph/epigraph.sty
Package: epigraph 2020/01/02 v1.5e typesetting epigraphs
 (/home/cesaragalvao/.TinyTeX/texmf-dist/tex/latex/nextpage/nextpage.sty
Package: nextpage 2009/09/03 v1.1a additional page commands
)
\beforeepigraphskip=\skip74
\afterepigraphskip=\skip75
\epigraphwidth=\skip76
\epigraphrule=\skip77
) (/home/cesaragalvao/.TinyTeX/texmf-dist/tex/latex/anyfontsize/anyfontsize.sty
Package: anyfontsize 2007/11/22 anyfontsize.sty by pts
) (/home/cesaragalvao/.TinyTeX/texmf-dist/tex/latex/caption/caption.sty
Package: caption 2023/08/05 v3.6o Customizing captions (AR)
 (/home/cesaragalvao/.TinyTeX/texmf-dist/tex/latex/caption/caption3.sty
Package: caption3 2023/07/31 v2.4d caption3 kernel (AR)
\caption@tempdima=\dimen187
\captionmargin=\dimen188
\caption@leftmargin=\dimen189
\caption@rightmargin=\dimen190
\caption@width=\dimen191
\caption@indent=\dimen192
\caption@parindent=\dimen193
\caption@hangindent=\dimen194
Package caption Info: Standard document class detected.
)
\c@caption@flags=\count299
\c@continuedfloat=\count300
Package caption Info: float package is loaded.
Package caption Info: hyperref package is loaded.
) (/home/cesaragalvao/.TinyTeX/texmf-dist/tex/latex/adjustbox/adjustbox.sty
Package: adjustbox 2022/10/17 v1.3a Adjusting TeX boxes (trim, clip, ...)
 (/home/cesaragalvao/.TinyTeX/texmf-dist/tex/latex/xkeyval/xkeyval.sty
Package: xkeyval 2022/06/16 v2.9 package option processing (HA)
 (/home/cesaragalvao/.TinyTeX/texmf-dist/tex/generic/xkeyval/xkeyval.tex (/home/cesaragalvao/.TinyTeX/texmf-dist/tex/generic/xkeyval/xkvutils.tex
\XKV@toks=\toks33
\XKV@tempa@toks=\toks34
)
\XKV@depth=\count301
File: xkeyval.tex 2014/12/03 v2.7a key=value parser (HA)
)) (/home/cesaragalvao/.TinyTeX/texmf-dist/tex/latex/adjustbox/adjcalc.sty
Package: adjcalc 2012/05/16 v1.1 Provides advanced setlength with multiple back-ends (calc, etex, pgfmath)
) (/home/cesaragalvao/.TinyTeX/texmf-dist/tex/latex/adjustbox/trimclip.sty
Package: trimclip 2020/08/19 v1.2 Trim and clip general TeX material
 (/home/cesaragalvao/.TinyTeX/texmf-dist/tex/latex/collectbox/collectbox.sty
Package: collectbox 2022/10/17 v0.4c Collect macro arguments as boxes
\collectedbox=\box59
)
\tc@llx=\dimen195
\tc@lly=\dimen196
\tc@urx=\dimen197
\tc@ury=\dimen198
 (/home/cesaragalvao/.TinyTeX/texmf-dist/tex/latex/adjustbox/tc-pgf.def
File: tc-pgf.def 2019/01/04 v2.2 trimclip fall-back clipping driver using PGF
 (/home/cesaragalvao/.TinyTeX/texmf-dist/tex/latex/pgf/basiclayer/pgf.sty (/home/cesaragalvao/.TinyTeX/texmf-dist/tex/latex/pgf/utilities/pgfrcs.sty (/home/cesaragalvao/.TinyTeX/texmf-dist/tex/generic/pgf/utilities/pgfutil-common.tex
\pgfutil@everybye=\toks35
\pgfutil@tempdima=\dimen199
\pgfutil@tempdimb=\dimen256
) (/home/cesaragalvao/.TinyTeX/texmf-dist/tex/generic/pgf/utilities/pgfutil-latex.def
\pgfutil@abb=\box60
) (/home/cesaragalvao/.TinyTeX/texmf-dist/tex/generic/pgf/utilities/pgfrcs.code.tex (/home/cesaragalvao/.TinyTeX/texmf-dist/tex/generic/pgf/pgf.revision.tex)
Package: pgfrcs 2023-01-15 v3.1.10 (3.1.10)
))
Package: pgf 2023-01-15 v3.1.10 (3.1.10)
 (/home/cesaragalvao/.TinyTeX/texmf-dist/tex/latex/pgf/basiclayer/pgfcore.sty (/home/cesaragalvao/.TinyTeX/texmf-dist/tex/latex/pgf/systemlayer/pgfsys.sty (/home/cesaragalvao/.TinyTeX/texmf-dist/tex/generic/pgf/systemlayer/pgfsys.code.tex
Package: pgfsys 2023-01-15 v3.1.10 (3.1.10)
 (/home/cesaragalvao/.TinyTeX/texmf-dist/tex/generic/pgf/utilities/pgfkeys.code.tex
\pgfkeys@pathtoks=\toks36
\pgfkeys@temptoks=\toks37
 (/home/cesaragalvao/.TinyTeX/texmf-dist/tex/generic/pgf/utilities/pgfkeyslibraryfiltered.code.tex
\pgfkeys@tmptoks=\toks38
))
\pgf@x=\dimen257
\pgf@y=\dimen258
\pgf@xa=\dimen259
\pgf@ya=\dimen260
\pgf@xb=\dimen261
\pgf@yb=\dimen262
\pgf@xc=\dimen263
\pgf@yc=\dimen264
\pgf@xd=\dimen265
\pgf@yd=\dimen266
\w@pgf@writea=\write3
\r@pgf@reada=\read3
\c@pgf@counta=\count302
\c@pgf@countb=\count303
\c@pgf@countc=\count304
\c@pgf@countd=\count305
\t@pgf@toka=\toks39
\t@pgf@tokb=\toks40
\t@pgf@tokc=\toks41
\pgf@sys@id@count=\count306
 (/home/cesaragalvao/.TinyTeX/texmf-dist/tex/generic/pgf/systemlayer/pgf.cfg
File: pgf.cfg 2023-01-15 v3.1.10 (3.1.10)
)
Driver file for pgf: pgfsys-luatex.def
 (/home/cesaragalvao/.TinyTeX/texmf-dist/tex/generic/pgf/systemlayer/pgfsys-luatex.def
File: pgfsys-luatex.def 2023-01-15 v3.1.10 (3.1.10)
 (/home/cesaragalvao/.TinyTeX/texmf-dist/tex/generic/pgf/systemlayer/pgfsys-common-pdf.def
File: pgfsys-common-pdf.def 2023-01-15 v3.1.10 (3.1.10)
))) (/home/cesaragalvao/.TinyTeX/texmf-dist/tex/generic/pgf/systemlayer/pgfsyssoftpath.code.tex
File: pgfsyssoftpath.code.tex 2023-01-15 v3.1.10 (3.1.10)
\pgfsyssoftpath@smallbuffer@items=\count307
\pgfsyssoftpath@bigbuffer@items=\count308
) (/home/cesaragalvao/.TinyTeX/texmf-dist/tex/generic/pgf/systemlayer/pgfsysprotocol.code.tex
File: pgfsysprotocol.code.tex 2023-01-15 v3.1.10 (3.1.10)
)) (/home/cesaragalvao/.TinyTeX/texmf-dist/tex/latex/xcolor/xcolor.sty
Package: xcolor 2023/11/15 v3.01 LaTeX color extensions (UK)
 (/home/cesaragalvao/.TinyTeX/texmf-dist/tex/latex/graphics-cfg/color.cfg
File: color.cfg 2016/01/02 v1.6 sample color configuration
)
Package xcolor Info: Driver file: luatex.def on input line 274.
LaTeX Info: Redefining \color on input line 758.
 (/home/cesaragalvao/.TinyTeX/texmf-dist/tex/latex/graphics/mathcolor.ltx)
Package xcolor Info: Model `cmy' substituted by `cmy0' on input line 1350.
Package xcolor Info: Model `hsb' substituted by `rgb' on input line 1354.
Package xcolor Info: Model `RGB' extended on input line 1366.
Package xcolor Info: Model `HTML' substituted by `rgb' on input line 1368.
Package xcolor Info: Model `Hsb' substituted by `hsb' on input line 1369.
Package xcolor Info: Model `tHsb' substituted by `hsb' on input line 1370.
Package xcolor Info: Model `HSB' substituted by `hsb' on input line 1371.
Package xcolor Info: Model `Gray' substituted by `gray' on input line 1372.
Package xcolor Info: Model `wave' substituted by `hsb' on input line 1373.
) (/home/cesaragalvao/.TinyTeX/texmf-dist/tex/generic/pgf/basiclayer/pgfcore.code.tex
Package: pgfcore 2023-01-15 v3.1.10 (3.1.10)
 (/home/cesaragalvao/.TinyTeX/texmf-dist/tex/generic/pgf/math/pgfmath.code.tex (/home/cesaragalvao/.TinyTeX/texmf-dist/tex/generic/pgf/math/pgfmathutil.code.tex) (/home/cesaragalvao/.TinyTeX/texmf-dist/tex/generic/pgf/math/pgfmathparser.code.tex
\pgfmath@dimen=\dimen267
\pgfmath@count=\count309
\pgfmath@box=\box61
\pgfmath@toks=\toks42
\pgfmath@stack@operand=\toks43
\pgfmath@stack@operation=\toks44
) (/home/cesaragalvao/.TinyTeX/texmf-dist/tex/generic/pgf/math/pgfmathfunctions.code.tex) (/home/cesaragalvao/.TinyTeX/texmf-dist/tex/generic/pgf/math/pgfmathfunctions.basic.code.tex) (/home/cesaragalvao/.TinyTeX/texmf-dist/tex/generic/pgf/math/pgfmathfunctions.trigonometric.code.tex) (/home/cesaragalvao/.TinyTeX/texmf-dist/tex/generic/pgf/math/pgfmathfunctions.random.code.tex) (/home/cesaragalvao/.TinyTeX/texmf-dist/tex/generic/pgf/math/pgfmathfunctions.comparison.code.tex) (/home/cesaragalvao/.TinyTeX/texmf-dist/tex/generic/pgf/math/pgfmathfunctions.base.code.tex) (/home/cesaragalvao/.TinyTeX/texmf-dist/tex/generic/pgf/math/pgfmathfunctions.round.code.tex) (/home/cesaragalvao/.TinyTeX/texmf-dist/tex/generic/pgf/math/pgfmathfunctions.misc.code.tex) (/home/cesaragalvao/.TinyTeX/texmf-dist/tex/generic/pgf/math/pgfmathfunctions.integerarithmetics.code.tex) (/home/cesaragalvao/.TinyTeX/texmf-dist/tex/generic/pgf/math/pgfmathcalc.code.tex) (/home/cesaragalvao/.TinyTeX/texmf-dist/tex/generic/pgf/math/pgfmathfloat.code.tex
\c@pgfmathroundto@lastzeros=\count310
)) (/home/cesaragalvao/.TinyTeX/texmf-dist/tex/generic/pgf/math/pgfint.code.tex) (/home/cesaragalvao/.TinyTeX/texmf-dist/tex/generic/pgf/basiclayer/pgfcorepoints.code.tex
File: pgfcorepoints.code.tex 2023-01-15 v3.1.10 (3.1.10)
\pgf@picminx=\dimen268
\pgf@picmaxx=\dimen269
\pgf@picminy=\dimen270
\pgf@picmaxy=\dimen271
\pgf@pathminx=\dimen272
\pgf@pathmaxx=\dimen273
\pgf@pathminy=\dimen274
\pgf@pathmaxy=\dimen275
\pgf@xx=\dimen276
\pgf@xy=\dimen277
\pgf@yx=\dimen278
\pgf@yy=\dimen279
\pgf@zx=\dimen280
\pgf@zy=\dimen281
) (/home/cesaragalvao/.TinyTeX/texmf-dist/tex/generic/pgf/basiclayer/pgfcorepathconstruct.code.tex
File: pgfcorepathconstruct.code.tex 2023-01-15 v3.1.10 (3.1.10)
\pgf@path@lastx=\dimen282
\pgf@path@lasty=\dimen283
) (/home/cesaragalvao/.TinyTeX/texmf-dist/tex/generic/pgf/basiclayer/pgfcorepathusage.code.tex
File: pgfcorepathusage.code.tex 2023-01-15 v3.1.10 (3.1.10)
\pgf@shorten@end@additional=\dimen284
\pgf@shorten@start@additional=\dimen285
) (/home/cesaragalvao/.TinyTeX/texmf-dist/tex/generic/pgf/basiclayer/pgfcorescopes.code.tex
File: pgfcorescopes.code.tex 2023-01-15 v3.1.10 (3.1.10)
\pgfpic=\box62
\pgf@hbox=\box63
\pgf@layerbox@main=\box64
\pgf@picture@serial@count=\count311
) (/home/cesaragalvao/.TinyTeX/texmf-dist/tex/generic/pgf/basiclayer/pgfcoregraphicstate.code.tex
File: pgfcoregraphicstate.code.tex 2023-01-15 v3.1.10 (3.1.10)
\pgflinewidth=\dimen286
) (/home/cesaragalvao/.TinyTeX/texmf-dist/tex/generic/pgf/basiclayer/pgfcoretransformations.code.tex
File: pgfcoretransformations.code.tex 2023-01-15 v3.1.10 (3.1.10)
\pgf@pt@x=\dimen287
\pgf@pt@y=\dimen288
\pgf@pt@temp=\dimen289
) (/home/cesaragalvao/.TinyTeX/texmf-dist/tex/generic/pgf/basiclayer/pgfcorequick.code.tex
File: pgfcorequick.code.tex 2023-01-15 v3.1.10 (3.1.10)
) (/home/cesaragalvao/.TinyTeX/texmf-dist/tex/generic/pgf/basiclayer/pgfcoreobjects.code.tex
File: pgfcoreobjects.code.tex 2023-01-15 v3.1.10 (3.1.10)
) (/home/cesaragalvao/.TinyTeX/texmf-dist/tex/generic/pgf/basiclayer/pgfcorepathprocessing.code.tex
File: pgfcorepathprocessing.code.tex 2023-01-15 v3.1.10 (3.1.10)
) (/home/cesaragalvao/.TinyTeX/texmf-dist/tex/generic/pgf/basiclayer/pgfcorearrows.code.tex
File: pgfcorearrows.code.tex 2023-01-15 v3.1.10 (3.1.10)
\pgfarrowsep=\dimen290
) (/home/cesaragalvao/.TinyTeX/texmf-dist/tex/generic/pgf/basiclayer/pgfcoreshade.code.tex
File: pgfcoreshade.code.tex 2023-01-15 v3.1.10 (3.1.10)
\pgf@max=\dimen291
\pgf@sys@shading@range@num=\count312
\pgf@shadingcount=\count313
) (/home/cesaragalvao/.TinyTeX/texmf-dist/tex/generic/pgf/basiclayer/pgfcoreimage.code.tex
File: pgfcoreimage.code.tex 2023-01-15 v3.1.10 (3.1.10)
) (/home/cesaragalvao/.TinyTeX/texmf-dist/tex/generic/pgf/basiclayer/pgfcoreexternal.code.tex
File: pgfcoreexternal.code.tex 2023-01-15 v3.1.10 (3.1.10)
\pgfexternal@startupbox=\box65
) (/home/cesaragalvao/.TinyTeX/texmf-dist/tex/generic/pgf/basiclayer/pgfcorelayers.code.tex
File: pgfcorelayers.code.tex 2023-01-15 v3.1.10 (3.1.10)
) (/home/cesaragalvao/.TinyTeX/texmf-dist/tex/generic/pgf/basiclayer/pgfcoretransparency.code.tex
File: pgfcoretransparency.code.tex 2023-01-15 v3.1.10 (3.1.10)
) (/home/cesaragalvao/.TinyTeX/texmf-dist/tex/generic/pgf/basiclayer/pgfcorepatterns.code.tex
File: pgfcorepatterns.code.tex 2023-01-15 v3.1.10 (3.1.10)
) (/home/cesaragalvao/.TinyTeX/texmf-dist/tex/generic/pgf/basiclayer/pgfcorerdf.code.tex
File: pgfcorerdf.code.tex 2023-01-15 v3.1.10 (3.1.10)
))) (/home/cesaragalvao/.TinyTeX/texmf-dist/tex/generic/pgf/modules/pgfmoduleshapes.code.tex
File: pgfmoduleshapes.code.tex 2023-01-15 v3.1.10 (3.1.10)
\pgfnodeparttextbox=\box66
) (/home/cesaragalvao/.TinyTeX/texmf-dist/tex/generic/pgf/modules/pgfmoduleplot.code.tex
File: pgfmoduleplot.code.tex 2023-01-15 v3.1.10 (3.1.10)
) (/home/cesaragalvao/.TinyTeX/texmf-dist/tex/latex/pgf/compatibility/pgfcomp-version-0-65.sty
Package: pgfcomp-version-0-65 2023-01-15 v3.1.10 (3.1.10)
\pgf@nodesepstart=\dimen292
\pgf@nodesepend=\dimen293
) (/home/cesaragalvao/.TinyTeX/texmf-dist/tex/latex/pgf/compatibility/pgfcomp-version-1-18.sty
Package: pgfcomp-version-1-18 2023-01-15 v3.1.10 (3.1.10)
)))
Package trimclip Info: No clipping driver 'tc-luatex.def' available.
(trimclip)             Using fall-back PGF driver.
)
\adjbox@Width=\dimen294
\adjbox@Height=\dimen295
\adjbox@Depth=\dimen296
\adjbox@Totalheight=\dimen297
\adjbox@pwidth=\dimen298
\adjbox@pheight=\dimen299
\adjbox@pdepth=\dimen300
\adjbox@ptotalheight=\dimen301
 (/home/cesaragalvao/.TinyTeX/texmf-dist/tex/latex/varwidth/varwidth.sty
Package: varwidth 2009/03/30 ver 0.92;  Variable-width minipages
\@vwid@box=\box67
\sift@deathcycles=\count314
\@vwid@loff=\dimen302
\@vwid@roff=\dimen303
)) (/home/cesaragalvao/.TinyTeX/texmf-dist/tex/latex/tools/bm.sty
Package: bm 2023/07/08 v1.2f Bold Symbol Support (DPC/FMi)
\symboldoperators=\mathgroup6
\symboldletters=\mathgroup7
\symboldsymbols=\mathgroup8
Package bm Info: No bold for \OMX/cmex/m/n, using \pmb.
Package bm Info: No bold for \U/msa/m/n, using \pmb.
Package bm Info: No bold for \U/msb/m/n, using \pmb.
LaTeX Font Info:    Redeclaring math alphabet \mathbf on input line 149.
)
(/home/cesaragalvao/.TinyTeX/texmf-dist/tex/latex/appendix/appendix.sty
Package: appendix 2020/02/08 v1.2c extra appendix facilities
\c@@pps=\count315
\c@@ppsavesec=\count316
\c@@ppsaveapp=\count317
) (/home/cesaragalvao/.TinyTeX/texmf-dist/tex/latex/base/textcomp.sty
Package: textcomp 2020/02/02 v2.0n Standard LaTeX package
) (/home/cesaragalvao/.TinyTeX/texmf-dist/tex/latex/pgf/frontendlayer/tikz.sty (/home/cesaragalvao/.TinyTeX/texmf-dist/tex/latex/pgf/utilities/pgffor.sty (/home/cesaragalvao/.TinyTeX/texmf-dist/tex/latex/pgf/utilities/pgfkeys.sty (/home/cesaragalvao/.TinyTeX/texmf-dist/tex/generic/pgf/utilities/pgfkeys.code.tex)) (/home/cesaragalvao/.TinyTeX/texmf-dist/tex/latex/pgf/math/pgfmath.sty (/home/cesaragalvao/.TinyTeX/texmf-dist/tex/generic/pgf/math/pgfmath.code.tex)) (/home/cesaragalvao/.TinyTeX/texmf-dist/tex/generic/pgf/utilities/pgffor.code.tex
Package: pgffor 2023-01-15 v3.1.10 (3.1.10)
\pgffor@iter=\dimen304
\pgffor@skip=\dimen305
\pgffor@stack=\toks45
\pgffor@toks=\toks46
)) (/home/cesaragalvao/.TinyTeX/texmf-dist/tex/generic/pgf/frontendlayer/tikz/tikz.code.tex
Package: tikz 2023-01-15 v3.1.10 (3.1.10)
 (/home/cesaragalvao/.TinyTeX/texmf-dist/tex/generic/pgf/libraries/pgflibraryplothandlers.code.tex
File: pgflibraryplothandlers.code.tex 2023-01-15 v3.1.10 (3.1.10)
\pgf@plot@mark@count=\count318
\pgfplotmarksize=\dimen306
)
\tikz@lastx=\dimen307
\tikz@lasty=\dimen308
\tikz@lastxsaved=\dimen309
\tikz@lastysaved=\dimen310
\tikz@lastmovetox=\dimen311
\tikz@lastmovetoy=\dimen312
\tikzleveldistance=\dimen313
\tikzsiblingdistance=\dimen314
\tikz@figbox=\box68
\tikz@figbox@bg=\box69
\tikz@tempbox=\box70
\tikz@tempbox@bg=\box71
\tikztreelevel=\count319
\tikznumberofchildren=\count320
\tikznumberofcurrentchild=\count321
\tikz@fig@count=\count322
 (/home/cesaragalvao/.TinyTeX/texmf-dist/tex/generic/pgf/modules/pgfmodulematrix.code.tex
File: pgfmodulematrix.code.tex 2023-01-15 v3.1.10 (3.1.10)
\pgfmatrixcurrentrow=\count323
\pgfmatrixcurrentcolumn=\count324
\pgf@matrix@numberofcolumns=\count325
)
\tikz@expandcount=\count326
 (/home/cesaragalvao/.TinyTeX/texmf-dist/tex/generic/pgf/frontendlayer/tikz/libraries/tikzlibrarytopaths.code.tex
File: tikzlibrarytopaths.code.tex 2023-01-15 v3.1.10 (3.1.10)
))) (/home/cesaragalvao/.TinyTeX/texmf-dist/tex/latex/bbm-macros/bbm.sty
Package: bbm 1999/03/15 V 1.2 provides fonts for set symbols - TH
LaTeX Font Info:    Overwriting math alphabet `\mathbbm' in version `bold'
(Font)                  U/bbm/m/n --> U/bbm/bx/n on input line 33.
LaTeX Font Info:    Overwriting math alphabet `\mathbbmss' in version `bold'
(Font)                  U/bbmss/m/n --> U/bbmss/bx/n on input line 35.
) (/home/cesaragalvao/.TinyTeX/texmf-dist/tex/latex/subfig/subfig.sty
Package: subfig 2005/06/28 ver: 1.3 subfig package
\c@KVtest=\count327
\sf@farskip=\skip78
\sf@captopadj=\dimen315
\sf@capskip=\skip79
\sf@nearskip=\skip80
\c@subfigure=\count328
\c@subfigure@save=\count329
\c@lofdepth=\count330
\c@subtable=\count331
\c@subtable@save=\count332
\c@lotdepth=\count333
\sf@top=\skip81
\sf@bottom=\skip82
) (/home/cesaragalvao/.TinyTeX/texmf-dist/tex/latex/graphics/rotating.sty
Package: rotating 2016/08/11 v2.16d rotated objects in LaTeX
 (/home/cesaragalvao/.TinyTeX/texmf-dist/tex/latex/base/ifthen.sty
Package: ifthen 2022/04/13 v1.1d Standard LaTeX ifthen package (DPC)
)
\c@r@tfl@t=\count334
\rotFPtop=\skip83
\rotFPbot=\skip84
\rot@float@box=\box72
\rot@mess@toks=\toks47
) (/home/cesaragalvao/.TinyTeX/texmf-dist/tex/latex/tools/afterpage.sty
Package: afterpage 2023/07/04 v1.08 After-Page Package (DPC)
\AP@output=\toks48
\AP@partial=\box73
\AP@footins=\box74
) (/home/cesaragalvao/.TinyTeX/texmf-dist/tex/latex/makecell/makecell.sty
Package: makecell 2009/08/03 V0.1e Managing of Tab Column Heads and Cells
\rotheadsize=\dimen316
\c@nlinenum=\count335
\TeXr@lab=\toks49
) (/home/cesaragalvao/.TinyTeX/texmf-dist/tex/latex/tools/tabularx.sty
Package: tabularx 2023/07/08 v2.11c `tabularx' package (DPC)
\TX@col@width=\dimen317
\TX@old@table=\dimen318
\TX@old@col=\dimen319
\TX@target=\dimen320
\TX@delta=\dimen321
\TX@cols=\count336
\TX@ftn=\toks50
) (/home/cesaragalvao/.TinyTeX/texmf-dist/tex/latex/pdflscape/pdflscape.sty
Package: pdflscape 2022-10-27 v0.13 Display of landscape pages in PDF
 (/home/cesaragalvao/.TinyTeX/texmf-dist/tex/latex/pdflscape/pdflscape-nometadata.sty
Package: pdflscape-nometadata 2022-10-28 v0.13 Display of landscape pages in PDF (HO)
 (/home/cesaragalvao/.TinyTeX/texmf-dist/tex/latex/graphics/lscape.sty
Package: lscape 2020/05/28 v3.02 Landscape Pages (DPC)
)
Package pdflscape Info: Auto-detected driver: pdftex on input line 81.
)) (/home/cesaragalvao/.TinyTeX/texmf-dist/tex/latex/tools/longtable.sty
Package: longtable 2023-11-01 v4.19 Multi-page Table package (DPC)
\LTleft=\skip85
\LTright=\skip86
\LTpre=\skip87
\LTpost=\skip88
\LTchunksize=\count337
\LTcapwidth=\dimen322
\LT@head=\box75
\LT@firsthead=\box76
\LT@foot=\box77
\LT@lastfoot=\box78
\LT@gbox=\box79
\LT@cols=\count338
\LT@rows=\count339
\c@LT@tables=\count340
\c@LT@chunks=\count341
\LT@p@ftn=\toks51
)
\c@teo=\count342
\c@defi=\count343
\c@exem=\count344
 (/home/cesaragalvao/.TinyTeX/texmf-dist/tex/latex/l3backend/l3backend-luatex.def
File: l3backend-luatex.def 2024-03-14 L3 backend support: PDF output (LuaTeX)
\l__color_backend_stack_int=\count345
Inserting `l3color' in `luaotfload.parse_color'.
\l__pdf_internal_box=\box80
) (./tcc2.aux)
\openout1 = tcc2.aux

LaTeX Font Info:    Checking defaults for OML/cmm/m/it on input line 87.
LaTeX Font Info:    ... okay on input line 87.
LaTeX Font Info:    Checking defaults for OMS/cmsy/m/n on input line 87.
LaTeX Font Info:    ... okay on input line 87.
LaTeX Font Info:    Checking defaults for OT1/cmr/m/n on input line 87.
LaTeX Font Info:    ... okay on input line 87.
LaTeX Font Info:    Checking defaults for T1/cmr/m/n on input line 87.
LaTeX Font Info:    ... okay on input line 87.
LaTeX Font Info:    Checking defaults for TS1/cmr/m/n on input line 87.
LaTeX Font Info:    Trying to load font information for TS1+cmr on input line 87.
 (/home/cesaragalvao/.TinyTeX/texmf-dist/tex/latex/base/ts1cmr.fd
File: ts1cmr.fd 2023/04/13 v2.5m Standard LaTeX font definitions
)
LaTeX Font Info:    ... okay on input line 87.
LaTeX Font Info:    Checking defaults for TU/lmr/m/n on input line 87.
LaTeX Font Info:    ... okay on input line 87.
LaTeX Font Info:    Checking defaults for OMX/cmex/m/n on input line 87.
LaTeX Font Info:    ... okay on input line 87.
LaTeX Font Info:    Checking defaults for U/cmr/m/n on input line 87.
LaTeX Font Info:    ... okay on input line 87.
LaTeX Font Info:    Checking defaults for PD1/pdf/m/n on input line 87.
LaTeX Font Info:    ... okay on input line 87.
LaTeX Font Info:    Checking defaults for PU/pdf/m/n on input line 87.
LaTeX Font Info:    ... okay on input line 87.

*geometry* driver: auto-detecting
*geometry* detected driver: luatex
*geometry* verbose mode - [ preamble ] result:
* driver: luatex
* paper: a4paper
* layout: <same size as paper>
* layoutoffset:(h,v)=(0.0pt,0.0pt)
* modes: twoside 
* h-part:(L,W,R)=(85.35826pt, 455.24411pt, 56.9055pt)
* v-part:(T,H,B)=(85.35826pt, 702.78308pt, 56.9055pt)
* \paperwidth=597.50787pt
* \paperheight=845.04684pt
* \textwidth=455.24411pt
* \textheight=702.78308pt
* \oddsidemargin=13.08827pt
* \evensidemargin=-15.36449pt
* \topmargin=-23.91173pt
* \headheight=16.0pt
* \headsep=25.0pt
* \topskip=12.0pt
* \footskip=30.0pt
* \marginparwidth=85.0pt
* \marginparsep=10.0pt
* \columnsep=10.0pt
* \skip\footins=10.8pt plus 4.0pt minus 2.0pt
* \hoffset=0.0pt
* \voffset=0.0pt
* \mag=1000
* \@twocolumnfalse
* \@twosidetrue
* \@mparswitchtrue
* \@reversemarginfalse
* (1in=72.27pt=25.4mm, 1cm=28.453pt)

(/home/cesaragalvao/.TinyTeX/texmf-dist/tex/latex/epstopdf-pkg/epstopdf-base.sty
Package: epstopdf-base 2020-01-24 v2.11 Base part for package epstopdf
Package epstopdf-base Info: Redefining graphics rule for `.eps' on input line 485.
 (/home/cesaragalvao/.TinyTeX/texmf-dist/tex/latex/latexconfig/epstopdf-sys.cfg
File: epstopdf-sys.cfg 2010/07/13 v1.3 Configuration of (r)epstopdf for TeX Live
))
Package hyperref Info: Link coloring ON on input line 87.
 (./tcc2.out) (./tcc2.out)
\@outlinefile=\write4

\openout4 = tcc2.out
Package caption Info: Begin \AtBeginDocument code.
Package caption Info: subfig package v1.3 is loaded.
Package caption Info: longtable package is loaded.
 (/home/cesaragalvao/.TinyTeX/texmf-dist/tex/latex/caption/ltcaption.sty
Package: ltcaption 2021/01/08 v1.4c longtable captions (AR)
)
Package caption Info: rotating package is loaded.
Package caption Info: End \AtBeginDocument code.
<unb.png, id=106, 99.37125pt x 52.195pt>
File: unb.png Graphic file (type png)
<use unb.png>
Package luatex.def Info: unb.png  used on input line 93.
(luatex.def)             Requested size: 79.4971pt x 41.75604pt.

Underfull \hbox (badness 1960) in paragraph at lines 113--113
\T1/lmr/m/n/12 mento de Es-tatís-tica da Uni-ver-si-dade
 []


Underfull \hbox (badness 1406) in paragraph at lines 113--113
\T1/lmr/m/n/12 de Brasília como parte dos req-ui-si-tos
 []


Underfull \hbox (badness 1226) in paragraph at lines 113--113
\T1/lmr/m/n/12 necessários para obtenção do grau de
 []

LaTeX Font Info:    Trying to load font information for U+msa on input line 114.
(/home/cesaragalvao/.TinyTeX/texmf-dist/tex/latex/amsfonts/umsa.fd
File: umsa.fd 2013/01/14 v3.01 AMS symbols A
)
LaTeX Font Info:    Trying to load font information for U+msb on input line 114.
 (/home/cesaragalvao/.TinyTeX/texmf-dist/tex/latex/amsfonts/umsb.fd
File: umsb.fd 2013/01/14 v3.01 AMS symbols B
) [0

{/home/cesaragalvao/.TinyTeX/texmf-var/fonts/map/pdftex/updmap/pdftex.map}<./unb.png>]
Underfull \hbox (badness 1960) in paragraph at lines 143--143
\T1/lmr/m/n/12 mento de Es-tatís-tica da Uni-ver-si-dade
 []


Underfull \hbox (badness 1406) in paragraph at lines 143--143
\T1/lmr/m/n/12 de Brasília como parte dos req-ui-si-tos
 []


Underfull \hbox (badness 1226) in paragraph at lines 143--143
\T1/lmr/m/n/12 necessários para obtenção do grau de
 []

[1]
warning  (pdf backend): ignoring duplicate destination with the name 'page.'
[2]
warning  (pdf backend): ignoring duplicate destination with the name 'page.'
[3] (./tcc2.lot)
\tf@lot=\write5

\openout5 = tcc2.lot

warning  (pdf backend): ignoring duplicate destination with the name 'page.'
[4

] (./tcc2.lof)
\tf@lof=\write6

\openout6 = tcc2.lof

warning  (pdf backend): ignoring duplicate destination with the name 'page.'
[5

] (./tcc2.toc
warning  (pdf backend): ignoring duplicate destination with the name 'page.'
[6

])
\tf@toc=\write7

\openout7 = tcc2.toc

warning  (pdf backend): ignoring duplicate destination with the name 'page.'
[7]
Cap\'{\i }tulo 1.
[8

] [9]
Cap\'{\i }tulo 2.
[10

]
Underfull \hbox (badness 10000) in paragraph at lines 323--324

 []


Underfull \hbox (badness 10000) in paragraph at lines 324--325

 []

[11] [12]
warning  (pdf backend): ignoring duplicate destination with the name 'equation.2.3.1'
[13]
Cap\'{\i }tulo 3.
[14

] [15] [16]
Cap\'{\i }tulo 4.
[17

]
Cap\'{\i }tulo 5.
[18

] (./tcc2.bbl [19

]) [20] (./Apendice.tex
Overfull \hbox (23.99997pt too wide) in alignment at lines 2--7
 [][][] 
 []


Overfull \hbox (23.99997pt too wide) in alignment at lines 7--9
 [][][] 
 []


Overfull \hbox (23.99997pt too wide) in alignment at lines 9--12
 [][][] 
 []


Overfull \hbox (23.99997pt too wide) in alignment at lines 12--14
 [][][] 
 []


Underfull \hbox (badness 5274) in paragraph at lines 24--24
[]|\T1/lmr/m/n/12 De-senho Ex-per-i-men-
 []


Underfull \hbox (badness 3354) in paragraph at lines 27--27
[]|\T1/lmr/m/n/12 Co-e-fi-ciente de Vari-
 []


Overfull \hbox (23.99997pt too wide) in alignment at lines 14--30
 [][][] 
 []

[21

]
Underfull \hbox (badness 10000) in paragraph at lines 40--40
[]|\T1/lmr/bx/n/12 Nome na
 []


Underfull \hbox (badness 10000) in paragraph at lines 40--40
[]|\T1/lmr/bx/n/12 Nome da
 []


Overfull \hbox (35.99995pt too wide) in alignment at lines 36--41
 [][][][] 
 []


Overfull \hbox (35.99995pt too wide) in alignment at lines 41--43
 [][][][] 
 []


Overfull \hbox (35.99995pt too wide) in alignment at lines 43--46
 [][][][] 
 []


Overfull \hbox (35.99995pt too wide) in alignment at lines 46--48
 [][][][] 
 []


Underfull \hbox (badness 10000) in paragraph at lines 50--50
[]|\T1/lmr/m/n/12 Link para
 []


Underfull \hbox (badness 10000) in paragraph at lines 51--51
[]|\T1/lmr/m/n/12 Número da
 []


Underfull \hbox (badness 10000) in paragraph at lines 52--52
[]|\T1/lmr/m/n/12 Número do
 []


Underfull \hbox (badness 10000) in paragraph at lines 53--53
[]|\T1/lmr/m/n/12 Nome do
 []


Underfull \hbox (badness 10000) in paragraph at lines 54--54
[]|\T1/lmr/m/n/12 Rendi-mento
 []


Underfull \hbox (badness 10000) in paragraph at lines 55--55
[]|\T1/lmr/m/n/12 Al-tura da
 []


Underfull \hbox (badness 10000) in paragraph at lines 56--56
[]|\T1/lmr/m/n/12 Dias até a
 []


Underfull \hbox (badness 10000) in paragraph at lines 58--58
[]|\T1/lmr/m/n/12 Blast na
 []


Underfull \hbox (badness 10000) in paragraph at lines 59--59
[]|\T1/lmr/m/n/12 Blast na
 []


Underfull \hbox (badness 10000) in paragraph at lines 60--60
[]|\T1/lmr/m/n/12 Man-cha
 []


Underfull \hbox (badness 1158) in paragraph at lines 60--61
\T1/lmr/m/it/12 oryzae\T1/lmr/m/n/12 , avali-ada em fol-has no es-tá-gio pré-
 []


Underfull \hbox (badness 10000) in paragraph at lines 61--61
[]|\T1/lmr/m/n/12 Es-cal-dadura
 []


Underfull \hbox (badness 2409) in paragraph at lines 61--62
[]|\T1/lmr/m/n/12 Sev-eri-dade da doença cau-sada por \T1/lmr/m/it/12 Mono-
 []


Underfull \hbox (badness 10000) in paragraph at lines 62--62
[]|\T1/lmr/m/n/12 De-s-col-oração
 []


Overfull \hbox (35.99995pt too wide) in alignment at lines 48--65
 [][][][] 
 []

[22]
Overfull \hbox (23.99997pt too wide) in alignment at lines 71--76
 [][][] 
 []


Overfull \hbox (23.99997pt too wide) in alignment at lines 76--78
 [][][] 
 []


Overfull \hbox (23.99997pt too wide) in alignment at lines 78--81
 [][][] 
 []


Overfull \hbox (23.99997pt too wide) in alignment at lines 81--83
 [][][] 
 []


Underfull \hbox (badness 4279) in paragraph at lines 114--115
[]|\T1/lmr/m/n/12 Tem-per-atura Mé-dia do Trimestre Mais
 []


Underfull \hbox (badness 10000) in paragraph at lines 170--170
[]|\T1/lmr/m/n/12 bdod_15-
 []


Underfull \hbox (badness 10000) in paragraph at lines 176--176
[]|\T1/lmr/m/n/12 bdod_15-
 []


Underfull \hbox (badness 10000) in paragraph at lines 182--182
[]|\T1/lmr/m/n/12 bdod_30-
 []


Underfull \hbox (badness 10000) in paragraph at lines 188--188
[]|\T1/lmr/m/n/12 bdod_30-
 []


Underfull \hbox (badness 10000) in paragraph at lines 191--191
[]|\T1/lmr/m/n/12 bdod_60-
 []


Underfull \hbox (badness 10000) in paragraph at lines 194--194
[]|\T1/lmr/m/n/12 bdod_60-
 []


Underfull \hbox (badness 10000) in paragraph at lines 197--197
[]|\T1/lmr/m/n/12 bdod_60-
 []


Underfull \hbox (badness 10000) in paragraph at lines 200--200
[]|\T1/lmr/m/n/12 bdod_60-
 []


Underfull \hbox (badness 10000) in paragraph at lines 203--203
[]|\T1/lmr/m/n/12 bdod_100-
 []


Underfull \hbox (badness 10000) in paragraph at lines 206--206
[]|\T1/lmr/m/n/12 bdod_100-
 []


Underfull \hbox (badness 10000) in paragraph at lines 209--209
[]|\T1/lmr/m/n/12 bdod_100-
 []


Underfull \hbox (badness 10000) in paragraph at lines 212--212
[]|\T1/lmr/m/n/12 bdod_100-
 []


Underfull \hbox (badness 10000) in paragraph at lines 266--266
[]|\T1/lmr/m/n/12 cec_60-
 []


Underfull \hbox (badness 10000) in paragraph at lines 272--272
[]|\T1/lmr/m/n/12 cec_60-
 []


Underfull \hbox (badness 10000) in paragraph at lines 275--275
[]|\T1/lmr/m/n/12 cec_100-
 []


Underfull \hbox (badness 10000) in paragraph at lines 278--278
[]|\T1/lmr/m/n/12 cec_100-
 []


Underfull \hbox (badness 10000) in paragraph at lines 281--281
[]|\T1/lmr/m/n/12 cec_100-
 []


Underfull \hbox (badness 10000) in paragraph at lines 284--284
[]|\T1/lmr/m/n/12 cec_100-
 []


Underfull \hbox (badness 10000) in paragraph at lines 314--314
[]|\T1/lmr/m/n/12 cfvo_15-
 []


Underfull \hbox (badness 10000) in paragraph at lines 320--320
[]|\T1/lmr/m/n/12 cfvo_15-
 []


Underfull \hbox (badness 10000) in paragraph at lines 326--326
[]|\T1/lmr/m/n/12 cfvo_30-
 []


Underfull \hbox (badness 10000) in paragraph at lines 332--332
[]|\T1/lmr/m/n/12 cfvo_30-
 []


Underfull \hbox (badness 10000) in paragraph at lines 335--335
[]|\T1/lmr/m/n/12 cfvo_60-
 []


Underfull \hbox (badness 10000) in paragraph at lines 338--338
[]|\T1/lmr/m/n/12 cfvo_60-
 []


Underfull \hbox (badness 10000) in paragraph at lines 341--341
[]|\T1/lmr/m/n/12 cfvo_60-
 []


Underfull \hbox (badness 10000) in paragraph at lines 344--344
[]|\T1/lmr/m/n/12 cfvo_60-
 []


Underfull \hbox (badness 10000) in paragraph at lines 347--347
[]|\T1/lmr/m/n/12 cfvo_100-
 []


Underfull \hbox (badness 10000) in paragraph at lines 350--350
[]|\T1/lmr/m/n/12 cfvo_100-
 []


Underfull \hbox (badness 10000) in paragraph at lines 353--353
[]|\T1/lmr/m/n/12 cfvo_100-
 []


Underfull \hbox (badness 10000) in paragraph at lines 356--356
[]|\T1/lmr/m/n/12 cfvo_100-
 []


Underfull \hbox (badness 10000) in paragraph at lines 410--410
[]|\T1/lmr/m/n/12 clay_60-
 []


Underfull \hbox (badness 10000) in paragraph at lines 416--416
[]|\T1/lmr/m/n/12 clay_60-
 []


Underfull \hbox (badness 10000) in paragraph at lines 419--419
[]|\T1/lmr/m/n/12 clay_100-
 []


Underfull \hbox (badness 10000) in paragraph at lines 422--422
[]|\T1/lmr/m/n/12 clay_100-
 []


Underfull \hbox (badness 10000) in paragraph at lines 425--425
[]|\T1/lmr/m/n/12 clay_100-
 []


Underfull \hbox (badness 10000) in paragraph at lines 428--428
[]|\T1/lmr/m/n/12 clay_100-
 []


Underfull \hbox (badness 10000) in paragraph at lines 431--431
[]|\T1/lmr/m/n/12 ni-tro-gen_0-
 []


Underfull \hbox (badness 10000) in paragraph at lines 434--434
[]|\T1/lmr/m/n/12 ni-tro-gen_0-
 []


Underfull \hbox (badness 10000) in paragraph at lines 437--437
[]|\T1/lmr/m/n/12 ni-tro-gen_0-
 []


Underfull \hbox (badness 10000) in paragraph at lines 440--440
[]|\T1/lmr/m/n/12 ni-tro-gen_0-
 []


Underfull \hbox (badness 10000) in paragraph at lines 443--443
[]|\T1/lmr/m/n/12 ni-tro-gen_5-
 []


Underfull \hbox (badness 10000) in paragraph at lines 446--446
[]|\T1/lmr/m/n/12 ni-tro-gen_5-
 []


Underfull \hbox (badness 10000) in paragraph at lines 449--449
[]|\T1/lmr/m/n/12 ni-tro-gen_5-
 []


Underfull \hbox (badness 10000) in paragraph at lines 452--452
[]|\T1/lmr/m/n/12 ni-tro-gen_5-
 []


Underfull \hbox (badness 10000) in paragraph at lines 455--455
[]|\T1/lmr/m/n/12 ni-tro-gen_15-
 []


Underfull \hbox (badness 10000) in paragraph at lines 458--458
[]|\T1/lmr/m/n/12 ni-tro-gen_15-
 []


Underfull \hbox (badness 10000) in paragraph at lines 461--461
[]|\T1/lmr/m/n/12 ni-tro-gen_15-
 []


Underfull \hbox (badness 10000) in paragraph at lines 464--464
[]|\T1/lmr/m/n/12 ni-tro-gen_15-
 []


Underfull \hbox (badness 10000) in paragraph at lines 467--467
[]|\T1/lmr/m/n/12 ni-tro-gen_30-
 []


Underfull \hbox (badness 10000) in paragraph at lines 470--470
[]|\T1/lmr/m/n/12 ni-tro-gen_30-
 []


Underfull \hbox (badness 10000) in paragraph at lines 473--473
[]|\T1/lmr/m/n/12 ni-tro-gen_30-
 []


Underfull \hbox (badness 10000) in paragraph at lines 476--476
[]|\T1/lmr/m/n/12 ni-tro-gen_30-
 []


Underfull \hbox (badness 10000) in paragraph at lines 479--479
[]|\T1/lmr/m/n/12 ni-tro-gen_60-
 []


Underfull \hbox (badness 10000) in paragraph at lines 482--482
[]|\T1/lmr/m/n/12 ni-tro-gen_60-
 []


Underfull \hbox (badness 10000) in paragraph at lines 485--485
[]|\T1/lmr/m/n/12 ni-tro-gen_60-
 []


Underfull \hbox (badness 10000) in paragraph at lines 488--488
[]|\T1/lmr/m/n/12 ni-tro-gen_60-
 []


Underfull \hbox (badness 10000) in paragraph at lines 491--491
[]|\T1/lmr/m/n/12 ni-tro-gen_100-
 []


Underfull \hbox (badness 10000) in paragraph at lines 494--494
[]|\T1/lmr/m/n/12 ni-tro-gen_100-
 []


Underfull \hbox (badness 10000) in paragraph at lines 497--497
[]|\T1/lmr/m/n/12 ni-tro-gen_100-
 []


Underfull \hbox (badness 10000) in paragraph at lines 500--500
[]|\T1/lmr/m/n/12 ni-tro-gen_100-
 []


Underfull \hbox (badness 1515) in paragraph at lines 519--520
\T1/lmr/m/n/12 para cen-tímet-ros 5 a 15 da su-per-fí-cie –
 []


Underfull \hbox (badness 1515) in paragraph at lines 522--523
\T1/lmr/m/n/12 para cen-tímet-ros 5 a 15 da su-per-fí-cie –
 []


Underfull \hbox (badness 1515) in paragraph at lines 525--526
\T1/lmr/m/n/12 para cen-tímet-ros 5 a 15 da su-per-fí-cie –
 []


Underfull \hbox (badness 10000) in paragraph at lines 554--554
[]|\T1/lmr/m/n/12 ocd_60-
 []


Underfull \hbox (badness 10000) in paragraph at lines 560--560
[]|\T1/lmr/m/n/12 ocd_60-
 []


Underfull \hbox (badness 10000) in paragraph at lines 563--563
[]|\T1/lmr/m/n/12 ocd_100-
 []


Underfull \hbox (badness 10000) in paragraph at lines 566--566
[]|\T1/lmr/m/n/12 ocd_100-
 []


Underfull \hbox (badness 10000) in paragraph at lines 569--569
[]|\T1/lmr/m/n/12 ocd_100-
 []


Underfull \hbox (badness 10000) in paragraph at lines 572--572
[]|\T1/lmr/m/n/12 ocd_100-
 []


Underfull \hbox (badness 10000) in paragraph at lines 602--602
[]|\T1/lmr/m/n/12 phh2o_5-
 []


Underfull \hbox (badness 10000) in paragraph at lines 608--608
[]|\T1/lmr/m/n/12 phh2o_5-
 []


Underfull \hbox (badness 10000) in paragraph at lines 611--611
[]|\T1/lmr/m/n/12 phh2o_15-
 []


Underfull \hbox (badness 10000) in paragraph at lines 614--614
[]|\T1/lmr/m/n/12 phh2o_15-
 []


Underfull \hbox (badness 10000) in paragraph at lines 617--617
[]|\T1/lmr/m/n/12 phh2o_15-
 []


Underfull \hbox (badness 10000) in paragraph at lines 620--620
[]|\T1/lmr/m/n/12 phh2o_15-
 []


Underfull \hbox (badness 10000) in paragraph at lines 623--623
[]|\T1/lmr/m/n/12 phh2o_30-
 []


Underfull \hbox (badness 10000) in paragraph at lines 626--626
[]|\T1/lmr/m/n/12 phh2o_30-
 []


Underfull \hbox (badness 10000) in paragraph at lines 629--629
[]|\T1/lmr/m/n/12 phh2o_30-
 []


Underfull \hbox (badness 10000) in paragraph at lines 632--632
[]|\T1/lmr/m/n/12 phh2o_30-
 []


Underfull \hbox (badness 10000) in paragraph at lines 635--635
[]|\T1/lmr/m/n/12 phh2o_60-
 []


Underfull \hbox (badness 10000) in paragraph at lines 638--638
[]|\T1/lmr/m/n/12 phh2o_60-
 []


Underfull \hbox (badness 10000) in paragraph at lines 641--641
[]|\T1/lmr/m/n/12 phh2o_60-
 []


Underfull \hbox (badness 10000) in paragraph at lines 644--644
[]|\T1/lmr/m/n/12 phh2o_60-
 []


Underfull \hbox (badness 10000) in paragraph at lines 647--647
[]|\T1/lmr/m/n/12 phh2o_100-
 []


Underfull \hbox (badness 10000) in paragraph at lines 650--650
[]|\T1/lmr/m/n/12 phh2o_100-
 []


Underfull \hbox (badness 10000) in paragraph at lines 653--653
[]|\T1/lmr/m/n/12 phh2o_100-
 []


Underfull \hbox (badness 10000) in paragraph at lines 656--656
[]|\T1/lmr/m/n/12 phh2o_100-
 []


Overfull \hbox (23.99997pt too wide) in alignment at lines 83--685
 [][][] 
 []


Underfull \hbox (badness 10000) in paragraph at lines 686--686
[]|\T1/lmr/m/n/12 sand_15-
 []


Underfull \hbox (badness 10000) in paragraph at lines 692--692
[]|\T1/lmr/m/n/12 sand_15-
 []


Underfull \hbox (badness 10000) in paragraph at lines 698--698
[]|\T1/lmr/m/n/12 sand_30-
 []


Underfull \hbox (badness 10000) in paragraph at lines 704--704
[]|\T1/lmr/m/n/12 sand_30-
 []


Underfull \hbox (badness 10000) in paragraph at lines 707--707
[]|\T1/lmr/m/n/12 sand_60-
 []


Underfull \hbox (badness 10000) in paragraph at lines 710--710
[]|\T1/lmr/m/n/12 sand_60-
 []


Underfull \hbox (badness 10000) in paragraph at lines 713--713
[]|\T1/lmr/m/n/12 sand_60-
 []


Underfull \hbox (badness 10000) in paragraph at lines 716--716
[]|\T1/lmr/m/n/12 sand_60-
 []


Underfull \hbox (badness 10000) in paragraph at lines 719--719
[]|\T1/lmr/m/n/12 sand_100-
 []


Underfull \hbox (badness 10000) in paragraph at lines 722--722
[]|\T1/lmr/m/n/12 sand_100-
 []


Underfull \hbox (badness 10000) in paragraph at lines 725--725
[]|\T1/lmr/m/n/12 sand_100-
 []


Underfull \hbox (badness 10000) in paragraph at lines 728--728
[]|\T1/lmr/m/n/12 sand_100-
 []


Underfull \hbox (badness 10000) in paragraph at lines 782--782
[]|\T1/lmr/m/n/12 silt_60-
 []


Underfull \hbox (badness 10000) in paragraph at lines 788--788
[]|\T1/lmr/m/n/12 silt_60-
 []


Underfull \hbox (badness 10000) in paragraph at lines 791--791
[]|\T1/lmr/m/n/12 silt_100-
 []


Underfull \hbox (badness 10000) in paragraph at lines 794--794
[]|\T1/lmr/m/n/12 silt_100-
 []


Underfull \hbox (badness 10000) in paragraph at lines 797--797
[]|\T1/lmr/m/n/12 silt_100-
 []


Underfull \hbox (badness 10000) in paragraph at lines 800--800
[]|\T1/lmr/m/n/12 silt_100-
 []


Underfull \hbox (badness 10000) in paragraph at lines 854--854
[]|\T1/lmr/m/n/12 soc_60-
 []


Underfull \hbox (badness 10000) in paragraph at lines 860--860
[]|\T1/lmr/m/n/12 soc_60-
 []


Underfull \hbox (badness 10000) in paragraph at lines 863--863
[]|\T1/lmr/m/n/12 soc_100-
 []


Underfull \hbox (badness 10000) in paragraph at lines 866--866
[]|\T1/lmr/m/n/12 soc_100-
 []


Underfull \hbox (badness 10000) in paragraph at lines 869--869
[]|\T1/lmr/m/n/12 soc_100-
 []


Underfull \hbox (badness 10000) in paragraph at lines 872--872
[]|\T1/lmr/m/n/12 soc_100-
 []


Underfull \hbox (badness 10000) in paragraph at lines 878--878
[]|\T1/lmr/m/n/12 RH2M
 []


Underfull \hbox (badness 10000) in paragraph at lines 881--881
[]|\T1/lmr/m/n/12 WS2M
 []


Underfull \hbox (badness 10000) in paragraph at lines 884--884
[]|\T1/lmr/m/n/12 T2MDEW
 []


Underfull \hbox (badness 10000) in paragraph at lines 887--887
[]|\T1/lmr/m/n/12 T2M MAX
 []


Underfull \hbox (badness 10000) in paragraph at lines 890--890
[]|\T1/lmr/m/n/12 T2M MIN
 []


Underfull \hbox (badness 10000) in paragraph at lines 893--893
[]|\T1/lmr/m/n/12 PREC-TOT-CORR
 []


Underfull \hbox (badness 10000) in paragraph at lines 896--896
[]|\T1/lmr/m/n/12 ALL-SKY SFC LW
 []


Underfull \hbox (badness 10000) in paragraph at lines 899--899
[]|\T1/lmr/m/n/12 ALL-SKY SFC SW
 []


Underfull \hbox (badness 10000) in paragraph at lines 908--908
[]|\T1/lmr/m/n/12 RH2M
 []


Underfull \hbox (badness 10000) in paragraph at lines 911--911
[]|\T1/lmr/m/n/12 WS2M
 []


Underfull \hbox (badness 10000) in paragraph at lines 914--914
[]|\T1/lmr/m/n/12 T2MDEW
 []


Underfull \hbox (badness 10000) in paragraph at lines 917--917
[]|\T1/lmr/m/n/12 T2M MAX
 []


Underfull \hbox (badness 1389) in paragraph at lines 918--919
[]|\T1/lmr/m/n/12 Tem-per-atura máx-ima mé-dia a 2 met-ros
 []


Underfull \hbox (badness 10000) in paragraph at lines 920--920
[]|\T1/lmr/m/n/12 T2M MIN
 []


Underfull \hbox (badness 1838) in paragraph at lines 921--922
[]|\T1/lmr/m/n/12 Tem-per-atura mín-ima mé-dia a 2 met-ros
 []


Underfull \hbox (badness 10000) in paragraph at lines 923--923
[]|\T1/lmr/m/n/12 PREC-TOT-CORR
 []


Underfull \hbox (badness 10000) in paragraph at lines 926--926
[]|\T1/lmr/m/n/12 ALL-SKY SFC LW
 []


Underfull \hbox (badness 10000) in paragraph at lines 929--929
[]|\T1/lmr/m/n/12 ALL-SKY SFC SW
 []


Underfull \hbox (badness 10000) in paragraph at lines 938--938
[]|\T1/lmr/m/n/12 RH2M
 []


Underfull \hbox (badness 10000) in paragraph at lines 941--941
[]|\T1/lmr/m/n/12 WS2M
 []


Underfull \hbox (badness 10000) in paragraph at lines 944--944
[]|\T1/lmr/m/n/12 T2MDEW
 []


Underfull \hbox (badness 10000) in paragraph at lines 947--947
[]|\T1/lmr/m/n/12 T2M MAX
 []


Underfull \hbox (badness 1389) in paragraph at lines 948--949
[]|\T1/lmr/m/n/12 Tem-per-atura máx-ima mé-dia a 2 met-ros
 []


Underfull \hbox (badness 10000) in paragraph at lines 950--950
[]|\T1/lmr/m/n/12 T2M MIN
 []


Underfull \hbox (badness 1838) in paragraph at lines 951--952
[]|\T1/lmr/m/n/12 Tem-per-atura mín-ima mé-dia a 2 met-ros
 []


Underfull \hbox (badness 10000) in paragraph at lines 953--953
[]|\T1/lmr/m/n/12 PREC-TOT-CORR
 []


Underfull \hbox (badness 10000) in paragraph at lines 956--956
[]|\T1/lmr/m/n/12 ALL-SKY SFC LW
 []


Underfull \hbox (badness 10000) in paragraph at lines 959--959
[]|\T1/lmr/m/n/12 ALL-SKY SFC SW
 []


Underfull \hbox (badness 10000) in paragraph at lines 968--968
[]|\T1/lmr/m/n/12 RH2M
 []


Underfull \hbox (badness 10000) in paragraph at lines 971--971
[]|\T1/lmr/m/n/12 WS2M
 []


Underfull \hbox (badness 10000) in paragraph at lines 974--974
[]|\T1/lmr/m/n/12 T2MDEW
 []


Underfull \hbox (badness 10000) in paragraph at lines 977--977
[]|\T1/lmr/m/n/12 T2M MAX
 []


Underfull \hbox (badness 1389) in paragraph at lines 978--979
[]|\T1/lmr/m/n/12 Tem-per-atura máx-ima mé-dia a 2 met-ros
 []


Underfull \hbox (badness 10000) in paragraph at lines 980--980
[]|\T1/lmr/m/n/12 T2M MIN
 []


Underfull \hbox (badness 1838) in paragraph at lines 981--982
[]|\T1/lmr/m/n/12 Tem-per-atura mín-ima mé-dia a 2 met-ros
 []


Underfull \hbox (badness 10000) in paragraph at lines 983--983
[]|\T1/lmr/m/n/12 PREC-TOT-CORR
 []


Underfull \hbox (badness 10000) in paragraph at lines 986--986
[]|\T1/lmr/m/n/12 ALL-SKY SFC LW
 []


Underfull \hbox (badness 10000) in paragraph at lines 989--989
[]|\T1/lmr/m/n/12 ALL-SKY SFC SW
 []


Underfull \hbox (badness 10000) in paragraph at lines 1001--1001
[]|\T1/lmr/m/n/12 WS2M
 []


Underfull \hbox (badness 10000) in paragraph at lines 1004--1004
[]|\T1/lmr/m/n/12 T2MDEW
 []


Underfull \hbox (badness 10000) in paragraph at lines 1007--1007
[]|\T1/lmr/m/n/12 T2M MAX
 []


Underfull \hbox (badness 1389) in paragraph at lines 1008--1009
[]|\T1/lmr/m/n/12 Tem-per-atura máx-ima mé-dia a 2 met-ros
 []


Underfull \hbox (badness 10000) in paragraph at lines 1010--1010
[]|\T1/lmr/m/n/12 T2M MIN
 []


Underfull \hbox (badness 1838) in paragraph at lines 1011--1012
[]|\T1/lmr/m/n/12 Tem-per-atura mín-ima mé-dia a 2 met-ros
 []


Underfull \hbox (badness 10000) in paragraph at lines 1013--1013
[]|\T1/lmr/m/n/12 PREC-TOT-CORR
 []


Underfull \hbox (badness 1762) in paragraph at lines 1014--1015
\T1/lmr/m/n/12 rante fevereiro de cada ano de 2010 a
 []


Underfull \hbox (badness 10000) in paragraph at lines 1016--1016
[]|\T1/lmr/m/n/12 ALL-SKY SFC LW
 []


Underfull \hbox (badness 10000) in paragraph at lines 1019--1019
[]|\T1/lmr/m/n/12 ALL-SKY SFC SW
 []


Underfull \hbox (badness 10000) in paragraph at lines 1031--1031
[]|\T1/lmr/m/n/12 WS2M
 []


Underfull \hbox (badness 10000) in paragraph at lines 1034--1034
[]|\T1/lmr/m/n/12 T2MDEW
 []


Underfull \hbox (badness 10000) in paragraph at lines 1037--1037
[]|\T1/lmr/m/n/12 T2M MAX
 []


Underfull \hbox (badness 1389) in paragraph at lines 1038--1039
[]|\T1/lmr/m/n/12 Tem-per-atura máx-ima mé-dia a 2 met-ros
 []


Underfull \hbox (badness 10000) in paragraph at lines 1040--1040
[]|\T1/lmr/m/n/12 T2M MIN
 []


Underfull \hbox (badness 1838) in paragraph at lines 1041--1042
[]|\T1/lmr/m/n/12 Tem-per-atura mín-ima mé-dia a 2 met-ros
 []


Underfull \hbox (badness 10000) in paragraph at lines 1043--1043
[]|\T1/lmr/m/n/12 PREC-TOT-CORR
 []


Underfull \hbox (badness 10000) in paragraph at lines 1046--1046
[]|\T1/lmr/m/n/12 ALL-SKY SFC LW
 []


Underfull \hbox (badness 10000) in paragraph at lines 1049--1049
[]|\T1/lmr/m/n/12 ALL-SKY SFC SW
 []


Underfull \hbox (badness 10000) in paragraph at lines 1064--1064
[]|\T1/lmr/m/n/12 T2MDEW
 []


Underfull \hbox (badness 10000) in paragraph at lines 1067--1067
[]|\T1/lmr/m/n/12 T2M MAX
 []


Underfull \hbox (badness 1389) in paragraph at lines 1068--1069
[]|\T1/lmr/m/n/12 Tem-per-atura máx-ima mé-dia a 2 met-ros
 []


Underfull \hbox (badness 10000) in paragraph at lines 1070--1070
[]|\T1/lmr/m/n/12 T2M MIN
 []


Underfull \hbox (badness 1838) in paragraph at lines 1071--1072
[]|\T1/lmr/m/n/12 Tem-per-atura mín-ima mé-dia a 2 met-ros
 []


Underfull \hbox (badness 1902) in paragraph at lines 1071--1072
\T1/lmr/m/n/12 acima do solo du-rante julho du-rante o
 []


Underfull \hbox (badness 10000) in paragraph at lines 1073--1073
[]|\T1/lmr/m/n/12 PREC-TOT-CORR
 []


Underfull \hbox (badness 10000) in paragraph at lines 1076--1076
[]|\T1/lmr/m/n/12 ALL-SKY SFC LW
 []


Underfull \hbox (badness 10000) in paragraph at lines 1079--1079
[]|\T1/lmr/m/n/12 ALL-SKY SFC SW
 []


Underfull \hbox (badness 10000) in paragraph at lines 1091--1091
[]|\T1/lmr/m/n/12 WS2M
 []


Underfull \hbox (badness 10000) in paragraph at lines 1094--1094
[]|\T1/lmr/m/n/12 T2MDEW
 []


Underfull \hbox (badness 10000) in paragraph at lines 1097--1097
[]|\T1/lmr/m/n/12 T2M MAX
 []


Underfull \hbox (badness 1389) in paragraph at lines 1098--1099
[]|\T1/lmr/m/n/12 Tem-per-atura máx-ima mé-dia a 2 met-ros
 []


Underfull \hbox (badness 10000) in paragraph at lines 1100--1100
[]|\T1/lmr/m/n/12 T2M MIN
 []


Underfull \hbox (badness 1838) in paragraph at lines 1101--1102
[]|\T1/lmr/m/n/12 Tem-per-atura mín-ima mé-dia a 2 met-ros
 []


Underfull \hbox (badness 1371) in paragraph at lines 1101--1102
\T1/lmr/m/n/12 acima do solo du-rante junho du-rante o
 []


Underfull \hbox (badness 10000) in paragraph at lines 1103--1103
[]|\T1/lmr/m/n/12 PREC-TOT-CORR
 []


Underfull \hbox (badness 1838) in paragraph at lines 1104--1105
\T1/lmr/m/n/12 con-tabi-lizar pos-síveis er-ros ou viéses de
 []


Underfull \hbox (badness 10000) in paragraph at lines 1106--1106
[]|\T1/lmr/m/n/12 ALL-SKY SFC LW
 []


Underfull \hbox (badness 10000) in paragraph at lines 1109--1109
[]|\T1/lmr/m/n/12 ALL-SKY SFC SW
 []


Underfull \hbox (badness 10000) in paragraph at lines 1118--1118
[]|\T1/lmr/m/n/12 RH2M
 []


Underfull \hbox (badness 10000) in paragraph at lines 1121--1121
[]|\T1/lmr/m/n/12 WS2M
 []


Underfull \hbox (badness 10000) in paragraph at lines 1124--1124
[]|\T1/lmr/m/n/12 T2MDEW
 []


Underfull \hbox (badness 10000) in paragraph at lines 1127--1127
[]|\T1/lmr/m/n/12 T2M MAX
 []


Underfull \hbox (badness 1389) in paragraph at lines 1128--1129
[]|\T1/lmr/m/n/12 Tem-per-atura máx-ima mé-dia a 2 met-ros
 []


Underfull \hbox (badness 10000) in paragraph at lines 1130--1130
[]|\T1/lmr/m/n/12 T2M MIN
 []


Underfull \hbox (badness 1838) in paragraph at lines 1131--1132
[]|\T1/lmr/m/n/12 Tem-per-atura mín-ima mé-dia a 2 met-ros
 []


Underfull \hbox (badness 1062) in paragraph at lines 1131--1132
\T1/lmr/m/n/12 acima do solo du-rante março du-rante o
 []


Underfull \hbox (badness 10000) in paragraph at lines 1133--1133
[]|\T1/lmr/m/n/12 PREC-TOT-CORR
 []


Underfull \hbox (badness 10000) in paragraph at lines 1136--1136
[]|\T1/lmr/m/n/12 ALL-SKY SFC LW
 []


Underfull \hbox (badness 10000) in paragraph at lines 1139--1139
[]|\T1/lmr/m/n/12 ALL-SKY SFC SW
 []


Underfull \hbox (badness 10000) in paragraph at lines 1148--1148
[]|\T1/lmr/m/n/12 RH2M
 []


Underfull \hbox (badness 10000) in paragraph at lines 1151--1151
[]|\T1/lmr/m/n/12 WS2M
 []


Underfull \hbox (badness 10000) in paragraph at lines 1154--1154
[]|\T1/lmr/m/n/12 T2MDEW
 []


Underfull \hbox (badness 10000) in paragraph at lines 1157--1157
[]|\T1/lmr/m/n/12 T2M MAX
 []


Underfull \hbox (badness 1389) in paragraph at lines 1158--1159
[]|\T1/lmr/m/n/12 Tem-per-atura máx-ima mé-dia a 2 met-ros
 []


Underfull \hbox (badness 10000) in paragraph at lines 1160--1160
[]|\T1/lmr/m/n/12 T2M MIN
 []


Underfull \hbox (badness 1838) in paragraph at lines 1161--1162
[]|\T1/lmr/m/n/12 Tem-per-atura mín-ima mé-dia a 2 met-ros
 []


Underfull \hbox (badness 2088) in paragraph at lines 1161--1162
\T1/lmr/m/n/12 acima do solo du-rante maio du-rante o
 []


Underfull \hbox (badness 10000) in paragraph at lines 1163--1163
[]|\T1/lmr/m/n/12 PREC-TOT-CORR
 []


Underfull \hbox (badness 10000) in paragraph at lines 1166--1166
[]|\T1/lmr/m/n/12 ALL-SKY SFC LW
 []


Underfull \hbox (badness 10000) in paragraph at lines 1169--1169
[]|\T1/lmr/m/n/12 ALL-SKY SFC SW
 []


Underfull \hbox (badness 10000) in paragraph at lines 1178--1178
[]|\T1/lmr/m/n/12 RH2M
 []


Underfull \hbox (badness 10000) in paragraph at lines 1181--1181
[]|\T1/lmr/m/n/12 WS2M
 []


Underfull \hbox (badness 10000) in paragraph at lines 1184--1184
[]|\T1/lmr/m/n/12 T2MDEW
 []


Underfull \hbox (badness 10000) in paragraph at lines 1187--1187
[]|\T1/lmr/m/n/12 T2M MAX
 []


Underfull \hbox (badness 1389) in paragraph at lines 1188--1189
[]|\T1/lmr/m/n/12 Tem-per-atura máx-ima mé-dia a 2 met-ros
 []


Underfull \hbox (badness 10000) in paragraph at lines 1190--1190
[]|\T1/lmr/m/n/12 T2M MIN
 []


Underfull \hbox (badness 1838) in paragraph at lines 1191--1192
[]|\T1/lmr/m/n/12 Tem-per-atura mín-ima mé-dia a 2 met-ros
 []


Underfull \hbox (badness 10000) in paragraph at lines 1193--1193
[]|\T1/lmr/m/n/12 PREC-TOT-CORR
 []


Underfull \hbox (badness 10000) in paragraph at lines 1196--1196
[]|\T1/lmr/m/n/12 ALL-SKY SFC LW
 []


Underfull \hbox (badness 10000) in paragraph at lines 1199--1199
[]|\T1/lmr/m/n/12 ALL-SKY SFC SW
 []


Underfull \hbox (badness 10000) in paragraph at lines 1208--1208
[]|\T1/lmr/m/n/12 RH2M
 []


Underfull \hbox (badness 10000) in paragraph at lines 1211--1211
[]|\T1/lmr/m/n/12 WS2M
 []


Underfull \hbox (badness 10000) in paragraph at lines 1214--1214
[]|\T1/lmr/m/n/12 T2MDEW
 []


Underfull \hbox (badness 10000) in paragraph at lines 1217--1217
[]|\T1/lmr/m/n/12 T2M MAX
 []


Underfull \hbox (badness 1389) in paragraph at lines 1218--1219
[]|\T1/lmr/m/n/12 Tem-per-atura máx-ima mé-dia a 2 met-ros
 []


Underfull \hbox (badness 10000) in paragraph at lines 1220--1220
[]|\T1/lmr/m/n/12 T2M MIN
 []


Underfull \hbox (badness 1838) in paragraph at lines 1221--1222
[]|\T1/lmr/m/n/12 Tem-per-atura mín-ima mé-dia a 2 met-ros
 []


Underfull \hbox (badness 10000) in paragraph at lines 1223--1223
[]|\T1/lmr/m/n/12 PREC-TOT-CORR
 []


Underfull \hbox (badness 10000) in paragraph at lines 1226--1226
[]|\T1/lmr/m/n/12 ALL-SKY SFC LW
 []


Underfull \hbox (badness 10000) in paragraph at lines 1229--1229
[]|\T1/lmr/m/n/12 ALL-SKY SFC SW
 []


Underfull \hbox (badness 10000) in paragraph at lines 1244--1244
[]|\T1/lmr/m/n/12 T2MDEW
 []


Underfull \hbox (badness 10000) in paragraph at lines 1247--1247
[]|\T1/lmr/m/n/12 T2M MAX
 []


Underfull \hbox (badness 1389) in paragraph at lines 1248--1249
[]|\T1/lmr/m/n/12 Tem-per-atura máx-ima mé-dia a 2 met-ros
 []


Underfull \hbox (badness 10000) in paragraph at lines 1250--1250
[]|\T1/lmr/m/n/12 T2M MIN
 []


Underfull \hbox (badness 1838) in paragraph at lines 1251--1252
[]|\T1/lmr/m/n/12 Tem-per-atura mín-ima mé-dia a 2 met-ros
 []


Underfull \hbox (badness 10000) in paragraph at lines 1253--1253
[]|\T1/lmr/m/n/12 PREC-TOT-CORR
 []


Underfull \hbox (badness 10000) in paragraph at lines 1256--1256
[]|\T1/lmr/m/n/12 ALL-SKY SFC LW
 []


Underfull \hbox (badness 10000) in paragraph at lines 1259--1259
[]|\T1/lmr/m/n/12 ALL-SKY SFC SW
 []


Overfull \hbox (23.99997pt too wide) in alignment at lines 685--1266
 [][][] 
 []

[23] [24
Missing character: There is no – (U+2013) in font ec-lmr12!
Missing character: There is no – (U+2013) in font ec-lmr12!
Missing character: There is no – (U+2013) in font ec-lmr12!
Missing character: There is no – (U+2013) in font ec-lmr12!
Missing character: There is no – (U+2013) in font ec-lmr12!
Missing character: There is no – (U+2013) in font ec-lmr12!
] [25
Missing character: There is no – (U+2013) in font ec-lmr12!
Missing character: There is no – (U+2013) in font ec-lmr12!
Missing character: There is no – (U+2013) in font ec-lmr12!
Missing character: There is no – (U+2013) in font ec-lmr12!
Missing character: There is no – (U+2013) in font ec-lmr12!
Missing character: There is no – (U+2013) in font ec-lmr12!
Missing character: There is no – (U+2013) in font ec-lmr12!
Missing character: There is no – (U+2013) in font ec-lmr12!
Missing character: There is no – (U+2013) in font ec-lmr12!
Missing character: There is no – (U+2013) in font ec-lmr12!
Missing character: There is no – (U+2013) in font ec-lmr12!
] [26
Missing character: There is no – (U+2013) in font ec-lmr12!
Missing character: There is no – (U+2013) in font ec-lmr12!
Missing character: There is no – (U+2013) in font ec-lmr12!
Missing character: There is no – (U+2013) in font ec-lmr12!
Missing character: There is no – (U+2013) in font ec-lmr12!
Missing character: There is no – (U+2013) in font ec-lmr12!
Missing character: There is no – (U+2013) in font ec-lmr12!
Missing character: There is no – (U+2013) in font ec-lmr12!
Missing character: There is no – (U+2013) in font ec-lmr12!
Missing character: There is no – (U+2013) in font ec-lmr12!
Missing character: There is no – (U+2013) in font ec-lmr12!
] [27
Missing character: There is no – (U+2013) in font ec-lmr12!
Missing character: There is no – (U+2013) in font ec-lmr12!
Missing character: There is no – (U+2013) in font ec-lmr12!
Missing character: There is no – (U+2013) in font ec-lmr12!
Missing character: There is no – (U+2013) in font ec-lmr12!
Missing character: There is no – (U+2013) in font ec-lmr12!
Missing character: There is no – (U+2013) in font ec-lmr12!
Missing character: There is no – (U+2013) in font ec-lmr12!
Missing character: There is no – (U+2013) in font ec-lmr12!
Missing character: There is no – (U+2013) in font ec-lmr12!
Missing character: There is no – (U+2013) in font ec-lmr12!
] [28
Missing character: There is no – (U+2013) in font ec-lmr12!
Missing character: There is no – (U+2013) in font ec-lmr12!
Missing character: There is no – (U+2013) in font ec-lmr12!
Missing character: There is no – (U+2013) in font ec-lmr12!
Missing character: There is no – (U+2013) in font ec-lmr12!
Missing character: There is no – (U+2013) in font ec-lmr12!
Missing character: There is no – (U+2013) in font ec-lmr12!
Missing character: There is no – (U+2013) in font ec-lmr12!
Missing character: There is no – (U+2013) in font ec-lmr12!
Missing character: There is no ‰ (U+2030) in font ec-lmr12!
] [29
Missing character: There is no ‰ (U+2030) in font ec-lmr12!
Missing character: There is no – (U+2013) in font ec-lmr12!
Missing character: There is no ‰ (U+2030) in font ec-lmr12!
Missing character: There is no – (U+2013) in font ec-lmr12!
Missing character: There is no ‰ (U+2030) in font ec-lmr12!
Missing character: There is no – (U+2013) in font ec-lmr12!
Missing character: There is no ‰ (U+2030) in font ec-lmr12!
Missing character: There is no – (U+2013) in font ec-lmr12!
Missing character: There is no ‰ (U+2030) in font ec-lmr12!
Missing character: There is no – (U+2013) in font ec-lmr12!
Missing character: There is no ‰ (U+2030) in font ec-lmr12!
Missing character: There is no – (U+2013) in font ec-lmr12!
Missing character: There is no ‰ (U+2030) in font ec-lmr12!
Missing character: There is no – (U+2013) in font ec-lmr12!
Missing character: There is no ‰ (U+2030) in font ec-lmr12!
Missing character: There is no – (U+2013) in font ec-lmr12!
Missing character: There is no ‰ (U+2030) in font ec-lmr12!
Missing character: There is no – (U+2013) in font ec-lmr12!
] [30
Missing character: There is no ‰ (U+2030) in font ec-lmr12!
Missing character: There is no – (U+2013) in font ec-lmr12!
Missing character: There is no ‰ (U+2030) in font ec-lmr12!
Missing character: There is no – (U+2013) in font ec-lmr12!
Missing character: There is no ‰ (U+2030) in font ec-lmr12!
Missing character: There is no – (U+2013) in font ec-lmr12!
Missing character: There is no ‰ (U+2030) in font ec-lmr12!
Missing character: There is no – (U+2013) in font ec-lmr12!
Missing character: There is no ‰ (U+2030) in font ec-lmr12!
Missing character: There is no – (U+2013) in font ec-lmr12!
Missing character: There is no ‰ (U+2030) in font ec-lmr12!
Missing character: There is no – (U+2013) in font ec-lmr12!
Missing character: There is no ‰ (U+2030) in font ec-lmr12!
Missing character: There is no – (U+2013) in font ec-lmr12!
Missing character: There is no ‰ (U+2030) in font ec-lmr12!
Missing character: There is no – (U+2013) in font ec-lmr12!
Missing character: There is no ‰ (U+2030) in font ec-lmr12!
Missing character: There is no – (U+2013) in font ec-lmr12!
] [31
Missing character: There is no ‰ (U+2030) in font ec-lmr12!
Missing character: There is no – (U+2013) in font ec-lmr12!
Missing character: There is no ‰ (U+2030) in font ec-lmr12!
Missing character: There is no – (U+2013) in font ec-lmr12!
Missing character: There is no ‰ (U+2030) in font ec-lmr12!
Missing character: There is no – (U+2013) in font ec-lmr12!
Missing character: There is no ‰ (U+2030) in font ec-lmr12!
Missing character: There is no – (U+2013) in font ec-lmr12!
Missing character: There is no ‰ (U+2030) in font ec-lmr12!
Missing character: There is no – (U+2013) in font ec-lmr12!
Missing character: There is no – (U+2013) in font ec-lmr12!
Missing character: There is no – (U+2013) in font ec-lmr12!
Missing character: There is no – (U+2013) in font ec-lmr12!
] [32
Missing character: There is no – (U+2013) in font ec-lmr12!
Missing character: There is no – (U+2013) in font ec-lmr12!
Missing character: There is no – (U+2013) in font ec-lmr12!
Missing character: There is no – (U+2013) in font ec-lmr12!
Missing character: There is no – (U+2013) in font ec-lmr12!
Missing character: There is no – (U+2013) in font ec-lmr12!
Missing character: There is no – (U+2013) in font ec-lmr12!
Missing character: There is no – (U+2013) in font ec-lmr12!
Missing character: There is no – (U+2013) in font ec-lmr12!
] [33
Missing character: There is no – (U+2013) in font ec-lmr12!
Missing character: There is no – (U+2013) in font ec-lmr12!
Missing character: There is no – (U+2013) in font ec-lmr12!
Missing character: There is no – (U+2013) in font ec-lmr12!
Missing character: There is no – (U+2013) in font ec-lmr12!
Missing character: There is no – (U+2013) in font ec-lmr12!
Missing character: There is no – (U+2013) in font ec-lmr12!
Missing character: There is no – (U+2013) in font ec-lmr12!
Missing character: There is no – (U+2013) in font ec-lmr12!
] [34
Missing character: There is no – (U+2013) in font ec-lmr12!
Missing character: There is no – (U+2013) in font ec-lmr12!
Missing character: There is no – (U+2013) in font ec-lmr12!
Missing character: There is no – (U+2013) in font ec-lmr12!
Missing character: There is no – (U+2013) in font ec-lmr12!
Missing character: There is no – (U+2013) in font ec-lmr12!
Missing character: There is no – (U+2013) in font ec-lmr12!
Missing character: There is no – (U+2013) in font ec-lmr12!
Missing character: There is no – (U+2013) in font ec-lmr12!
Missing character: There is no – (U+2013) in font ec-lmr12!
Missing character: There is no – (U+2013) in font ec-lmr12!
] [35
Missing character: There is no – (U+2013) in font ec-lmr12!
Missing character: There is no – (U+2013) in font ec-lmr12!
Missing character: There is no – (U+2013) in font ec-lmr12!
Missing character: There is no – (U+2013) in font ec-lmr12!
Missing character: There is no – (U+2013) in font ec-lmr12!
Missing character: There is no – (U+2013) in font ec-lmr12!
Missing character: There is no – (U+2013) in font ec-lmr12!
Missing character: There is no – (U+2013) in font ec-lmr12!
Missing character: There is no – (U+2013) in font ec-lmr12!
Missing character: There is no – (U+2013) in font ec-lmr12!
Missing character: There is no – (U+2013) in font ec-lmr12!
] [36
Missing character: There is no – (U+2013) in font ec-lmr12!
Missing character: There is no – (U+2013) in font ec-lmr12!
Missing character: There is no – (U+2013) in font ec-lmr12!
Missing character: There is no – (U+2013) in font ec-lmr12!
Missing character: There is no – (U+2013) in font ec-lmr12!
Missing character: There is no – (U+2013) in font ec-lmr12!
Missing character: There is no – (U+2013) in font ec-lmr12!
Missing character: There is no – (U+2013) in font ec-lmr12!
Missing character: There is no – (U+2013) in font ec-lmr12!
Missing character: There is no – (U+2013) in font ec-lmr12!
] [37
Missing character: There is no – (U+2013) in font ec-lmr12!
Missing character: There is no – (U+2013) in font ec-lmr12!
Missing character: There is no – (U+2013) in font ec-lmr12!
Missing character: There is no – (U+2013) in font ec-lmr12!
Missing character: There is no – (U+2013) in font ec-lmr12!
Missing character: There is no – (U+2013) in font ec-lmr12!
Missing character: There is no – (U+2013) in font ec-lmr12!
Missing character: There is no – (U+2013) in font ec-lmr12!
Missing character: There is no – (U+2013) in font ec-lmr12!
Missing character: There is no – (U+2013) in font ec-lmr12!
Missing character: There is no – (U+2013) in font ec-lmr12!
] [38
Missing character: There is no – (U+2013) in font ec-lmr12!
Missing character: There is no – (U+2013) in font ec-lmr12!
Missing character: There is no – (U+2013) in font ec-lmr12!
Missing character: There is no – (U+2013) in font ec-lmr12!
Missing character: There is no – (U+2013) in font ec-lmr12!
Missing character: There is no – (U+2013) in font ec-lmr12!
Missing character: There is no – (U+2013) in font ec-lmr12!
Missing character: There is no – (U+2013) in font ec-lmr12!
Missing character: There is no – (U+2013) in font ec-lmr12!
Missing character: There is no – (U+2013) in font ec-lmr12!
] [39
Missing character: There is no – (U+2013) in font ec-lmr12!
Missing character: There is no – (U+2013) in font ec-lmr12!
Missing character: There is no – (U+2013) in font ec-lmr12!
Missing character: There is no – (U+2013) in font ec-lmr12!
Missing character: There is no – (U+2013) in font ec-lmr12!
Missing character: There is no – (U+2013) in font ec-lmr12!
Missing character: There is no – (U+2013) in font ec-lmr12!
Missing character: There is no – (U+2013) in font ec-lmr12!
Missing character: There is no – (U+2013) in font ec-lmr12!
Missing character: There is no – (U+2013) in font ec-lmr12!
Missing character: There is no – (U+2013) in font ec-lmr12!
Missing character: There is no – (U+2013) in font ec-lmr12!
Missing character: There is no – (U+2013) in font ec-lmr12!
Missing character: There is no – (U+2013) in font ec-lmr12!
Missing character: There is no – (U+2013) in font ec-lmr12!
] [40
Missing character: There is no – (U+2013) in font ec-lmr12!
Missing character: There is no – (U+2013) in font ec-lmr12!
Missing character: There is no – (U+2013) in font ec-lmr12!
Missing character: There is no – (U+2013) in font ec-lmr12!
Missing character: There is no – (U+2013) in font ec-lmr12!
Missing character: There is no – (U+2013) in font ec-lmr12!
Missing character: There is no – (U+2013) in font ec-lmr12!
Missing character: There is no – (U+2013) in font ec-lmr12!
Missing character: There is no – (U+2013) in font ec-lmr12!
Missing character: There is no – (U+2013) in font ec-lmr12!
Missing character: There is no – (U+2013) in font ec-lmr12!
] [41
Missing character: There is no – (U+2013) in font ec-lmr12!
Missing character: There is no – (U+2013) in font ec-lmr12!
Missing character: There is no – (U+2013) in font ec-lmr12!
Missing character: There is no – (U+2013) in font ec-lmr12!
Missing character: There is no – (U+2013) in font ec-lmr12!
Missing character: There is no – (U+2013) in font ec-lmr12!
Missing character: There is no – (U+2013) in font ec-lmr12!
Missing character: There is no – (U+2013) in font ec-lmr12!
Missing character: There is no – (U+2013) in font ec-lmr12!
] [42
Missing character: There is no – (U+2013) in font ec-lmr12!
Missing character: There is no – (U+2013) in font ec-lmr12!
Missing character: There is no – (U+2013) in font ec-lmr12!
Missing character: There is no – (U+2013) in font ec-lmr12!
Missing character: There is no – (U+2013) in font ec-lmr12!
Missing character: There is no – (U+2013) in font ec-lmr12!
Missing character: There is no – (U+2013) in font ec-lmr12!
Missing character: There is no – (U+2013) in font ec-lmr12!
Missing character: There is no – (U+2013) in font ec-lmr12!
] [43
Missing character: There is no – (U+2013) in font ec-lmr12!
Missing character: There is no – (U+2013) in font ec-lmr12!
Missing character: There is no – (U+2013) in font ec-lmr12!
Missing character: There is no – (U+2013) in font ec-lmr12!
Missing character: There is no – (U+2013) in font ec-lmr12!
Missing character: There is no – (U+2013) in font ec-lmr12!
Missing character: There is no – (U+2013) in font ec-lmr12!
Missing character: There is no – (U+2013) in font ec-lmr12!
] [44
Missing character: There is no – (U+2013) in font ec-lmr12!
Missing character: There is no – (U+2013) in font ec-lmr12!
Missing character: There is no – (U+2013) in font ec-lmr12!
Missing character: There is no – (U+2013) in font ec-lmr12!
Missing character: There is no – (U+2013) in font ec-lmr12!
Missing character: There is no – (U+2013) in font ec-lmr12!
Missing character: There is no – (U+2013) in font ec-lmr12!
Missing character: There is no – (U+2013) in font ec-lmr12!
Missing character: There is no – (U+2013) in font ec-lmr12!
] [45
Missing character: There is no – (U+2013) in font ec-lmr12!
Missing character: There is no – (U+2013) in font ec-lmr12!
Missing character: There is no – (U+2013) in font ec-lmr12!
Missing character: There is no – (U+2013) in font ec-lmr12!
Missing character: There is no – (U+2013) in font ec-lmr12!
Missing character: There is no – (U+2013) in font ec-lmr12!
Missing character: There is no – (U+2013) in font ec-lmr12!
Missing character: There is no – (U+2013) in font ec-lmr12!
] [46
Missing character: There is no – (U+2013) in font ec-lmr12!
Missing character: There is no – (U+2013) in font ec-lmr12!
Missing character: There is no – (U+2013) in font ec-lmr12!
Missing character: There is no – (U+2013) in font ec-lmr12!
Missing character: There is no – (U+2013) in font ec-lmr12!
Missing character: There is no – (U+2013) in font ec-lmr12!
Missing character: There is no – (U+2013) in font ec-lmr12!
Missing character: There is no – (U+2013) in font ec-lmr12!
Missing character: There is no – (U+2013) in font ec-lmr12!
] [47
Missing character: There is no – (U+2013) in font ec-lmr12!
Missing character: There is no – (U+2013) in font ec-lmr12!
Missing character: There is no – (U+2013) in font ec-lmr12!
Missing character: There is no – (U+2013) in font ec-lmr12!
Missing character: There is no – (U+2013) in font ec-lmr12!
Missing character: There is no – (U+2013) in font ec-lmr12!
Missing character: There is no – (U+2013) in font ec-lmr12!
Missing character: There is no – (U+2013) in font ec-lmr12!
Missing character: There is no – (U+2013) in font ec-lmr12!
] [48
Missing character: There is no – (U+2013) in font ec-lmr12!
Missing character: There is no – (U+2013) in font ec-lmr12!
Missing character: There is no – (U+2013) in font ec-lmr12!
] [49] [50] [51] [52] [53] [54] [55] [56] [57] [58] [59] [60] [61]) [62] (./tcc2.aux)
 ***********
LaTeX2e <2023-11-01> patch level 1
L3 programming layer <2024-03-14>
 ***********
Package rerunfilecheck Info: File `tcc2.out' has not changed.
(rerunfilecheck)             Checksum: FEC7F64EE8C3531392B24C19FEA7C9F5;3728.
)

Here is how much of LuaTeX's memory you used:
 27754 strings out of 476435
 745357,1977958 words of node,token memory allocated
 726 words of node memory still in use:
   7 hlist, 2 vlist, 2 rule, 7 glue, 4 kern, 1 glyph, 32 attribute, 75 glue_spec, 17 attribute_list, 2 write, 1 pdf_action nodes
   avail lists: 1:1,2:20805,3:3576,4:164,5:2574,6:1262,7:71411,8:63,9:10874,10:16,11:4339
 48940 multiletter control sequences out of 65536+600000
 85 fonts using 5377751 bytes
 105i,12n,105p,948b,505s stack positions out of 10000i,1000n,20000p,200000b,200000s

warning  (pdf backend): unreferenced destination with name 'Hfootnote.5'
{/home/cesaragalvao/.TinyTeX/texmf-dist/fonts/enc/dvips/lm/lm-ec.enc}{/home/cesaragalvao/.TinyTeX/texmf-dist/fonts/enc/dvips/lm/lm-ts1.enc}</home/cesaragalvao/.TinyTeX/texmf-dist/fonts/type1/public/amsfonts/cmextra/cmbsy8.pfb></home/cesaragalvao/.TinyTeX/texmf-dist/fonts/type1/public/amsfonts/cm/cmbx12.pfb></home/cesaragalvao/.TinyTeX/texmf-dist/fonts/type1/public/amsfonts/cm/cmex10.pfb></home/cesaragalvao/.TinyTeX/texmf-dist/fonts/type1/public/amsfonts/cm/cmmi12.pfb></home/cesaragalvao/.TinyTeX/texmf-dist/fonts/type1/public/amsfonts/cm/cmmi8.pfb></home/cesaragalvao/.TinyTeX/texmf-dist/fonts/type1/public/amsfonts/cm/cmmib10.pfb></home/cesaragalvao/.TinyTeX/texmf-dist/fonts/type1/public/amsfonts/cm/cmr12.pfb></home/cesaragalvao/.TinyTeX/texmf-dist/fonts/type1/public/amsfonts/cm/cmr8.pfb></home/cesaragalvao/.TinyTeX/texmf-dist/fonts/type1/public/amsfonts/cm/cmsy10.pfb></home/cesaragalvao/.TinyTeX/texmf-dist/fonts/type1/public/amsfonts/cm/cmsy8.pfb></home/cesaragalvao/.TinyTeX/texmf-dist/fonts/type1/public/lm/lmbx12.pfb></home/cesaragalvao/.TinyTeX/texmf-dist/fonts/type1/public/lm/lmr10.pfb></home/cesaragalvao/.TinyTeX/texmf-dist/fonts/type1/public/lm/lmr12.pfb></home/cesaragalvao/.TinyTeX/texmf-dist/fonts/type1/public/lm/lmr7.pfb></home/cesaragalvao/.TinyTeX/texmf-dist/fonts/type1/public/lm/lmr8.pfb></home/cesaragalvao/.TinyTeX/texmf-dist/fonts/type1/public/lm/lmri10.pfb></home/cesaragalvao/.TinyTeX/texmf-dist/fonts/type1/public/lm/lmri12.pfb>
Output written on tcc2.pdf (63 pages, 350386 bytes).

PDF statistics: 594 PDF objects out of 1000 (max. 8388607)
 487 compressed objects within 5 object streams
 117 named destinations out of 1000 (max. 131072)
 216 words of extra memory for PDF output out of 10000 (max. 100000000)

